[debug] [2024-03-16T03:42:58.022Z] ----------------------------------------------------------------------
[debug] [2024-03-16T03:42:58.024Z] Command:       C:\Program Files\nodejs\node.exe C:\Users\DarkM\AppData\Roaming\npm\node_modules\firebase-tools\lib\bin\firebase.js serve
[debug] [2024-03-16T03:42:58.025Z] CLI Version:   13.5.1
[debug] [2024-03-16T03:42:58.025Z] Platform:      win32
[debug] [2024-03-16T03:42:58.025Z] Node Version:  v20.10.0
[debug] [2024-03-16T03:42:58.025Z] Time:          Fri Mar 15 2024 20:42:58 GMT-0700 (hora estándar del Pacífico de México)
[debug] [2024-03-16T03:42:58.025Z] ----------------------------------------------------------------------
[debug] 
[debug] [2024-03-16T03:42:58.162Z] > command requires scopes: ["email","openid","https://www.googleapis.com/auth/cloudplatformprojects.readonly","https://www.googleapis.com/auth/firebase","https://www.googleapis.com/auth/cloud-platform"]
[debug] [2024-03-16T03:42:58.162Z] > authorizing via signed-in user (peralta6776@gmail.com)
[debug] [2024-03-16T03:42:58.162Z] [iam] checking project elotesbanus for permissions ["firebase.projects.get"]
[debug] [2024-03-16T03:42:58.164Z] >>> [apiv2][query] POST https://cloudresourcemanager.googleapis.com/v1/projects/elotesbanus:testIamPermissions [none]
[debug] [2024-03-16T03:42:58.165Z] >>> [apiv2][(partial)header] POST https://cloudresourcemanager.googleapis.com/v1/projects/elotesbanus:testIamPermissions x-goog-quota-user=projects/elotesbanus
[debug] [2024-03-16T03:42:58.165Z] >>> [apiv2][body] POST https://cloudresourcemanager.googleapis.com/v1/projects/elotesbanus:testIamPermissions {"permissions":["firebase.projects.get"]}
[debug] [2024-03-16T03:42:58.519Z] <<< [apiv2][status] POST https://cloudresourcemanager.googleapis.com/v1/projects/elotesbanus:testIamPermissions 200
[debug] [2024-03-16T03:42:58.519Z] <<< [apiv2][body] POST https://cloudresourcemanager.googleapis.com/v1/projects/elotesbanus:testIamPermissions {"permissions":["firebase.projects.get"]}
[debug] [2024-03-16T03:42:58.519Z] >>> [apiv2][query] GET https://firebase.googleapis.com/v1beta1/projects/elotesbanus [none]
[debug] [2024-03-16T03:42:58.779Z] <<< [apiv2][status] GET https://firebase.googleapis.com/v1beta1/projects/elotesbanus 200
[debug] [2024-03-16T03:42:58.780Z] <<< [apiv2][body] GET https://firebase.googleapis.com/v1beta1/projects/elotesbanus {"projectId":"elotesbanus","projectNumber":"140009978068","displayName":"ElotesBanus","name":"projects/elotesbanus","resources":{"hostingSite":"elotesbanus"},"state":"ACTIVE","etag":"1_657b03f3-81f3-4f38-a729-17b56d2fbb00"}
[info] 
[info] === Serving from 'C:\Users\DarkM\elotes'...
[info] 
[debug] [2024-03-16T03:42:58.783Z] defaultcredentials: writing to file C:\Users\DarkM\AppData\Roaming\firebase\peralta6776_gmail_com_application_default_credentials.json
[debug] [2024-03-16T03:42:58.784Z] Setting GAC to C:\Users\DarkM\AppData\Roaming\firebase\peralta6776_gmail_com_application_default_credentials.json {"metadata":{"emulator":{"name":"functions"},"message":"Setting GAC to C:\\Users\\DarkM\\AppData\\Roaming\\firebase\\peralta6776_gmail_com_application_default_credentials.json"}}
[debug] [2024-03-16T03:42:58.785Z] >>> [apiv2][query] GET https://firebase.googleapis.com/v1beta1/projects/elotesbanus/adminSdkConfig [none]
[debug] [2024-03-16T03:42:59.135Z] <<< [apiv2][status] GET https://firebase.googleapis.com/v1beta1/projects/elotesbanus/adminSdkConfig 200
[debug] [2024-03-16T03:42:59.135Z] <<< [apiv2][body] GET https://firebase.googleapis.com/v1beta1/projects/elotesbanus/adminSdkConfig {"projectId":"elotesbanus","storageBucket":"elotesbanus.appspot.com"}
[info] i  functions: Watching "C:\Users\DarkM\elotes\functions" for Cloud Functions... {"metadata":{"emulator":{"name":"functions"},"message":"Watching \"C:\\Users\\DarkM\\elotes\\functions\" for Cloud Functions..."}}
[debug] [2024-03-16T03:42:59.150Z] Validating nodejs source
[debug] [2024-03-16T03:43:00.477Z] > [functions] package.json contents: {
  "name": "functions",
  "description": "Cloud Functions for Firebase",
  "scripts": {
    "lint": "eslint .",
    "serve": "firebase emulators:start --only functions",
    "shell": "firebase functions:shell",
    "start": "npm run shell",
    "deploy": "firebase deploy --only functions",
    "logs": "firebase functions:log"
  },
  "engines": {
    "node": "18"
  },
  "main": "index.js",
  "dependencies": {
    "firebase-admin": "^11.8.0",
    "firebase-functions": "^4.3.1"
  },
  "devDependencies": {
    "eslint": "^8.15.0",
    "eslint-config-google": "^0.14.0",
    "firebase-functions-test": "^3.1.0"
  },
  "private": true
}
[debug] [2024-03-16T03:43:00.478Z] Building nodejs source
[debug] [2024-03-16T03:43:00.478Z] Failed to find version of module node: reached end of search path C:\Users\DarkM\elotes\functions\node_modules
[warn] !  functions: Your requested "node" version "18" doesn't match your global version "20". Using node@20 from host. 
[debug] [2024-03-16T03:43:00.480Z] Could not find functions.yaml. Must use http discovery
[debug] [2024-03-16T03:43:00.486Z] Found firebase-functions binary at 'C:\Users\DarkM\elotes\functions\node_modules\.bin\firebase-functions'
[info] Serving at port 8637

[debug] [2024-03-16T03:43:01.015Z] Got response from /__/functions.yaml {"endpoints":{"app":{"platform":"gcfv1","availableMemoryMb":null,"timeoutSeconds":null,"minInstances":null,"maxInstances":null,"ingressSettings":null,"serviceAccountEmail":null,"vpc":null,"httpsTrigger":{},"entryPoint":"app"}},"specVersion":"v1alpha1","requiredAPIs":[]}
[info] +  functions: Loaded functions definitions from source: app. {"metadata":{"emulator":{"name":"functions"},"message":"Loaded functions definitions from source: app."}}
[info] +  functions[us-central1-app]: http function initialized (http://localhost:5000/elotesbanus/us-central1/app). {"metadata":{"emulator":{"name":"functions"},"message":"\u001b[1mhttp\u001b[22m function initialized (http://localhost:5000/elotesbanus/us-central1/app)."}}
[debug] [2024-03-16T03:43:34.033Z] [work-queue] {"queuedWork":["/elotesbanus/us-central1/app/api/Producto-2024-03-16T03:43:34.033Z"],"queueLength":1,"runningWork":[],"workRunningCount":0}
[debug] [2024-03-16T03:43:34.034Z] [work-queue] {"queuedWork":[],"queueLength":0,"runningWork":["/elotesbanus/us-central1/app/api/Producto-2024-03-16T03:43:34.033Z"],"workRunningCount":1}
[debug] [2024-03-16T03:43:34.034Z] Accepted request POST /elotesbanus/us-central1/app/api/Producto --> us-central1-app
[debug] [2024-03-16T03:43:34.037Z] [functions] Runtime ready! Sending request! {"metadata":{"emulator":{"name":"functions"},"message":"[functions] Runtime ready! Sending request!"}}
[debug] [2024-03-16T03:43:34.037Z] [functions] Got req.url=/elotesbanus/us-central1/app/api/Producto, mapping to path=/api/Producto {"metadata":{"emulator":{"name":"functions"},"message":"[functions] Got req.url=/elotesbanus/us-central1/app/api/Producto, mapping to path=/api/Producto"}}
[debug] [2024-03-16T03:43:34.047Z] [worker-pool] addWorker(us-central1-app) {"metadata":{"emulator":{"name":"functions"},"message":"[worker-pool] addWorker(us-central1-app)"}}
[debug] [2024-03-16T03:43:34.048Z] [worker-pool] Adding worker with key us-central1-app, total=1 {"metadata":{"emulator":{"name":"functions"},"message":"[worker-pool] Adding worker with key us-central1-app, total=1"}}
[debug] [2024-03-16T03:43:35.131Z] [runtime-status] [4544] Resolved module firebase-admin {"declared":true,"installed":true,"version":"11.11.1","resolution":"C:\\Users\\DarkM\\elotes\\functions\\node_modules\\firebase-admin\\lib\\index.js"} {"metadata":{"emulator":{"name":"functions"},"function":{"name":"us-central1-app"},"extension":{},"message":"[runtime-status] [4544] Resolved module firebase-admin {\"declared\":true,\"installed\":true,\"version\":\"11.11.1\",\"resolution\":\"C:\\\\Users\\\\DarkM\\\\elotes\\\\functions\\\\node_modules\\\\firebase-admin\\\\lib\\\\index.js\"}"}}
[debug] [2024-03-16T03:43:35.132Z] [runtime-status] [4544] Resolved module firebase-functions {"declared":true,"installed":true,"version":"4.8.0","resolution":"C:\\Users\\DarkM\\elotes\\functions\\node_modules\\firebase-functions\\lib\\v1\\index.js"} {"metadata":{"emulator":{"name":"functions"},"function":{"name":"us-central1-app"},"extension":{},"message":"[runtime-status] [4544] Resolved module firebase-functions {\"declared\":true,\"installed\":true,\"version\":\"4.8.0\",\"resolution\":\"C:\\\\Users\\\\DarkM\\\\elotes\\\\functions\\\\node_modules\\\\firebase-functions\\\\lib\\\\v1\\\\index.js\"}"}}
[debug] [2024-03-16T03:43:35.133Z] [runtime-status] [4544] Outgoing network have been stubbed. [{"name":"http","status":"mocked"},{"name":"http","status":"mocked"},{"name":"https","status":"mocked"},{"name":"https","status":"mocked"},{"name":"net","status":"mocked"}] {"metadata":{"emulator":{"name":"functions"},"function":{"name":"us-central1-app"},"extension":{},"message":"[runtime-status] [4544] Outgoing network have been stubbed. [{\"name\":\"http\",\"status\":\"mocked\"},{\"name\":\"http\",\"status\":\"mocked\"},{\"name\":\"https\",\"status\":\"mocked\"},{\"name\":\"https\",\"status\":\"mocked\"},{\"name\":\"net\",\"status\":\"mocked\"}]"}}
[debug] [2024-03-16T03:43:35.134Z] [runtime-status] [4544] Resolved module firebase-functions {"declared":true,"installed":true,"version":"4.8.0","resolution":"C:\\Users\\DarkM\\elotes\\functions\\node_modules\\firebase-functions\\lib\\v1\\index.js"} {"metadata":{"emulator":{"name":"functions"},"function":{"name":"us-central1-app"},"extension":{},"message":"[runtime-status] [4544] Resolved module firebase-functions {\"declared\":true,\"installed\":true,\"version\":\"4.8.0\",\"resolution\":\"C:\\\\Users\\\\DarkM\\\\elotes\\\\functions\\\\node_modules\\\\firebase-functions\\\\lib\\\\v1\\\\index.js\"}"}}
[debug] [2024-03-16T03:43:35.352Z] [runtime-status] [4544] Checked functions.config() {"config":{}} {"metadata":{"emulator":{"name":"functions"},"function":{"name":"us-central1-app"},"extension":{},"message":"[runtime-status] [4544] Checked functions.config() {\"config\":{}}"}}
[debug] [2024-03-16T03:43:35.352Z] [runtime-status] [4544] firebase-functions has been stubbed. {"functionsResolution":{"declared":true,"installed":true,"version":"4.8.0","resolution":"C:\\Users\\DarkM\\elotes\\functions\\node_modules\\firebase-functions\\lib\\v1\\index.js"}} {"metadata":{"emulator":{"name":"functions"},"function":{"name":"us-central1-app"},"extension":{},"message":"[runtime-status] [4544] firebase-functions has been stubbed. {\"functionsResolution\":{\"declared\":true,\"installed\":true,\"version\":\"4.8.0\",\"resolution\":\"C:\\\\Users\\\\DarkM\\\\elotes\\\\functions\\\\node_modules\\\\firebase-functions\\\\lib\\\\v1\\\\index.js\"}}"}}
[debug] [2024-03-16T03:43:35.352Z] [runtime-status] [4544] Resolved module firebase-functions {"declared":true,"installed":true,"version":"4.8.0","resolution":"C:\\Users\\DarkM\\elotes\\functions\\node_modules\\firebase-functions\\lib\\v1\\index.js"} {"metadata":{"emulator":{"name":"functions"},"function":{"name":"us-central1-app"},"extension":{},"message":"[runtime-status] [4544] Resolved module firebase-functions {\"declared\":true,\"installed\":true,\"version\":\"4.8.0\",\"resolution\":\"C:\\\\Users\\\\DarkM\\\\elotes\\\\functions\\\\node_modules\\\\firebase-functions\\\\lib\\\\v1\\\\index.js\"}"}}
[debug] [2024-03-16T03:43:35.353Z] [runtime-status] [4544] Resolved module firebase-admin {"declared":true,"installed":true,"version":"11.11.1","resolution":"C:\\Users\\DarkM\\elotes\\functions\\node_modules\\firebase-admin\\lib\\index.js"} {"metadata":{"emulator":{"name":"functions"},"function":{"name":"us-central1-app"},"extension":{},"message":"[runtime-status] [4544] Resolved module firebase-admin {\"declared\":true,\"installed\":true,\"version\":\"11.11.1\",\"resolution\":\"C:\\\\Users\\\\DarkM\\\\elotes\\\\functions\\\\node_modules\\\\firebase-admin\\\\lib\\\\index.js\"}"}}
[debug] [2024-03-16T03:43:35.356Z] [runtime-status] [4544] Resolved module firebase-functions {"declared":true,"installed":true,"version":"4.8.0","resolution":"C:\\Users\\DarkM\\elotes\\functions\\node_modules\\firebase-functions\\lib\\v1\\index.js"} {"metadata":{"emulator":{"name":"functions"},"function":{"name":"us-central1-app"},"extension":{},"message":"[runtime-status] [4544] Resolved module firebase-functions {\"declared\":true,\"installed\":true,\"version\":\"4.8.0\",\"resolution\":\"C:\\\\Users\\\\DarkM\\\\elotes\\\\functions\\\\node_modules\\\\firebase-functions\\\\lib\\\\v1\\\\index.js\"}"}}
[debug] [2024-03-16T03:43:35.356Z] [runtime-status] [4544] firebase-admin has been stubbed. {"adminResolution":{"declared":true,"installed":true,"version":"11.11.1","resolution":"C:\\Users\\DarkM\\elotes\\functions\\node_modules\\firebase-admin\\lib\\index.js"}} {"metadata":{"emulator":{"name":"functions"},"function":{"name":"us-central1-app"},"extension":{},"message":"[runtime-status] [4544] firebase-admin has been stubbed. {\"adminResolution\":{\"declared\":true,\"installed\":true,\"version\":\"11.11.1\",\"resolution\":\"C:\\\\Users\\\\DarkM\\\\elotes\\\\functions\\\\node_modules\\\\firebase-admin\\\\lib\\\\index.js\"}}"}}
[debug] [2024-03-16T03:43:35.508Z] [runtime-status] [4544] initializeApp(DEFAULT) {"credential":{"implicit":false,"projectId":"elotesbanus","privateKey":"-----BEGIN PRIVATE KEY-----\nMIIEvgIBADANBgkqhkiG9w0BAQEFAASCBKgwggSkAgEAAoIBAQCjYeFP+A0sMao+\nWOjfosM5JD2wvcTPN+H3riok4QYimjRzH8du3ObgyEpV3OSnqxCyZ3AA2rvJ/a7t\nsL8BzEkJRvwx9nMQzVP6Ls8Hqax5MDopNbtRTMY/PaVUechmgAQYtKf2eBfig3LL\nxNVs6cIjf+XxSC52vUAmkku4uOZf72VmAtMi5GNWZFtQkUTGaF80XwhT2C4xh1OI\nIWS9jRyHHKFgjjv1Eug9mNk4S2EaSYu/OY4hUL8Ob2YHxxancfzrruTEO6Ta6JI0\n2ah7wOkCYX2MmOqHGNpniNzVwy33h54Opqry3mttPLEHTD+vH9qkldDLCyzAQNB+\niPWaR11dAgMBAAECggEAPJupQQikHlJYNKO304omAJMMnX1wPmydE0vVD3Q4Weq5\nbUGLMnmY3ib+yGZWnkpLudq8RlzeD9rfIwaPfMPDDkF6ebBSVBfPQL5Ph6iuNhCp\narMnh0vDOR+Nrs40hK2Vl3Kg4kH/nkQj+CpPAAWhQpkF/GFJ9ztSSly34VEaCNkG\nNzKzylFbsotP3epLQbJciWuU4paQWSXmsyI6tQY1NpIJ83jH5dldteKJt028PTvA\nsc/8+iVrVKkT+CU7PfacoCRJp4WygZgqVq0l5K0Z0BcTtcC9NeiWB5e/xMb1cTLg\nYvdX4LLbZGVEo4KgaR5RidpoK3mRngc/E1j7pNnZIwKBgQDbi4U34plQGMPHSgBy\nWVm3U+jtPP1i1lLgMTyN3WgErpRUGWOB7EV1YDyLnXCKC00kY3p7owDJFo/bk8tR\nj7NXIPxlxPhSnT3WOZaYhmz211Gh1FBxY8mrENjq5EgDFON4A9dJs2K6MpqhRHNj\nPOROJ8Ytx2mz4f0HVvbyYYtu7wKBgQC+gvtjKw19hWDo16XKaFKhM/1Cp2k2lhSq\n17lQtym9WR3oFFCq6s4YfQTdwyCYd/RNOj5G3OjfVUvZ238Z55D2WU5PgkNQ0PbH\nAhCB0NS9DDHFsWGXx1ZTLPLetGedxBMUyl00a91YthMTCyYGmGAHPpL5JUF6z1sS\nXl+EHaP4cwKBgQCf2Vz8zLL9+5oIb1wV5fKJpcGxgjenkA81hwPk8vD6f7Yl6Xpn\nLYWBKbnLma1IBWR8eyXCAXPf9dp2cIyX7P4SEUVUP+7iD/TnFnUMxsttima4YmLT\nvGkocZLOq7m27K2WQ42r7r2SfqfRhYpSFhLQyOrliAzxWTim8G3LGrSv5wKBgQCQ\njNWtMvdzbAZR5X34DBvWEJpzPo8ISeu4jSIg6jkTYFDezLtAVBS4Y/OTSACtbybA\nihbCsc9H1XJOBMt1nkxRfwV6Mn5dDZCRAzH/LbKdFmmVdLd18FvBlHNbI0sTW7iW\np8z8f3NdYhkq8+SQUIFcPdBKlkgOpNKXJ2AV4F+PnQKBgBtzY8d/Nv4v220cN//F\nq7oA9AHnXZt9ilKlqLGytVZaTOvUZKiqeXRGDPrkFxcXlOL7JZCCS33Z8a3Bv8Fs\nwP0fpEyuWgEodgGLtgDO5c5Arf5u/uF1WCMa/RFrP4osF8qcqkD8Mu2qNB46JA8a\nzVXBi+msDQRLSyyjR/7DFVOs\n-----END PRIVATE KEY-----\n","clientEmail":"firebase-adminsdk-7ck5y@elotesbanus.iam.gserviceaccount.com","httpClient":{"retry":{"maxRetries":4,"statusCodes":[503],"ioErrorCodes":["ECONNRESET","ETIMEDOUT"],"backOffFactor":0.5,"maxDelayInMillis":60000}}},"databaseURL":"https://elotesbanus.firebaseio.com"} {"metadata":{"emulator":{"name":"functions"},"function":{"name":"us-central1-app"},"extension":{},"message":"[runtime-status] [4544] initializeApp(DEFAULT) {\"credential\":{\"implicit\":false,\"projectId\":\"elotesbanus\",\"privateKey\":\"-----BEGIN PRIVATE KEY-----\\nMIIEvgIBADANBgkqhkiG9w0BAQEFAASCBKgwggSkAgEAAoIBAQCjYeFP+A0sMao+\\nWOjfosM5JD2wvcTPN+H3riok4QYimjRzH8du3ObgyEpV3OSnqxCyZ3AA2rvJ/a7t\\nsL8BzEkJRvwx9nMQzVP6Ls8Hqax5MDopNbtRTMY/PaVUechmgAQYtKf2eBfig3LL\\nxNVs6cIjf+XxSC52vUAmkku4uOZf72VmAtMi5GNWZFtQkUTGaF80XwhT2C4xh1OI\\nIWS9jRyHHKFgjjv1Eug9mNk4S2EaSYu/OY4hUL8Ob2YHxxancfzrruTEO6Ta6JI0\\n2ah7wOkCYX2MmOqHGNpniNzVwy33h54Opqry3mttPLEHTD+vH9qkldDLCyzAQNB+\\niPWaR11dAgMBAAECggEAPJupQQikHlJYNKO304omAJMMnX1wPmydE0vVD3Q4Weq5\\nbUGLMnmY3ib+yGZWnkpLudq8RlzeD9rfIwaPfMPDDkF6ebBSVBfPQL5Ph6iuNhCp\\narMnh0vDOR+Nrs40hK2Vl3Kg4kH/nkQj+CpPAAWhQpkF/GFJ9ztSSly34VEaCNkG\\nNzKzylFbsotP3epLQbJciWuU4paQWSXmsyI6tQY1NpIJ83jH5dldteKJt028PTvA\\nsc/8+iVrVKkT+CU7PfacoCRJp4WygZgqVq0l5K0Z0BcTtcC9NeiWB5e/xMb1cTLg\\nYvdX4LLbZGVEo4KgaR5RidpoK3mRngc/E1j7pNnZIwKBgQDbi4U34plQGMPHSgBy\\nWVm3U+jtPP1i1lLgMTyN3WgErpRUGWOB7EV1YDyLnXCKC00kY3p7owDJFo/bk8tR\\nj7NXIPxlxPhSnT3WOZaYhmz211Gh1FBxY8mrENjq5EgDFON4A9dJs2K6MpqhRHNj\\nPOROJ8Ytx2mz4f0HVvbyYYtu7wKBgQC+gvtjKw19hWDo16XKaFKhM/1Cp2k2lhSq\\n17lQtym9WR3oFFCq6s4YfQTdwyCYd/RNOj5G3OjfVUvZ238Z55D2WU5PgkNQ0PbH\\nAhCB0NS9DDHFsWGXx1ZTLPLetGedxBMUyl00a91YthMTCyYGmGAHPpL5JUF6z1sS\\nXl+EHaP4cwKBgQCf2Vz8zLL9+5oIb1wV5fKJpcGxgjenkA81hwPk8vD6f7Yl6Xpn\\nLYWBKbnLma1IBWR8eyXCAXPf9dp2cIyX7P4SEUVUP+7iD/TnFnUMxsttima4YmLT\\nvGkocZLOq7m27K2WQ42r7r2SfqfRhYpSFhLQyOrliAzxWTim8G3LGrSv5wKBgQCQ\\njNWtMvdzbAZR5X34DBvWEJpzPo8ISeu4jSIg6jkTYFDezLtAVBS4Y/OTSACtbybA\\nihbCsc9H1XJOBMt1nkxRfwV6Mn5dDZCRAzH/LbKdFmmVdLd18FvBlHNbI0sTW7iW\\np8z8f3NdYhkq8+SQUIFcPdBKlkgOpNKXJ2AV4F+PnQKBgBtzY8d/Nv4v220cN//F\\nq7oA9AHnXZt9ilKlqLGytVZaTOvUZKiqeXRGDPrkFxcXlOL7JZCCS33Z8a3Bv8Fs\\nwP0fpEyuWgEodgGLtgDO5c5Arf5u/uF1WCMa/RFrP4osF8qcqkD8Mu2qNB46JA8a\\nzVXBi+msDQRLSyyjR/7DFVOs\\n-----END PRIVATE KEY-----\\n\",\"clientEmail\":\"firebase-adminsdk-7ck5y@elotesbanus.iam.gserviceaccount.com\",\"httpClient\":{\"retry\":{\"maxRetries\":4,\"statusCodes\":[503],\"ioErrorCodes\":[\"ECONNRESET\",\"ETIMEDOUT\"],\"backOffFactor\":0.5,\"maxDelayInMillis\":60000}}},\"databaseURL\":\"https://elotesbanus.firebaseio.com\"}"}}
[warn] !  functions: The Cloud Firestore emulator is not running, so calls to Firestore will affect production. {"metadata":{"emulator":{"name":"functions"},"function":{"name":"us-central1-app"},"extension":{},"message":"The Cloud Firestore emulator is not running, so calls to Firestore will affect production."}}
[debug] [2024-03-16T03:43:35.516Z] [runtime-status] [4544] Functions runtime initialized. {"cwd":"C:\\Users\\DarkM\\elotes\\functions","node_version":"20.10.0"} {"metadata":{"emulator":{"name":"functions"},"function":{"name":"us-central1-app"},"extension":{},"message":"[runtime-status] [4544] Functions runtime initialized. {\"cwd\":\"C:\\\\Users\\\\DarkM\\\\elotes\\\\functions\",\"node_version\":\"20.10.0\"}"}}
[debug] [2024-03-16T03:43:35.517Z] [runtime-status] [4544] Listening to port: \\?\pipe\fire_emu_db6029f8ff348bb5 {"metadata":{"emulator":{"name":"functions"},"function":{"name":"us-central1-app"},"extension":{},"message":"[runtime-status] [4544] Listening to port: \\\\?\\pipe\\fire_emu_db6029f8ff348bb5"}}
[debug] [2024-03-16T03:43:35.569Z] [worker-us-central1-app-7dbe926f-0c85-4ef4-9ac9-cf877323a2bf]: IDLE {"metadata":{"emulator":{"name":"functions"},"function":{"name":"us-central1-app"},"extension":{},"message":"[worker-us-central1-app-7dbe926f-0c85-4ef4-9ac9-cf877323a2bf]: IDLE"}}
[debug] [2024-03-16T03:43:35.570Z] [worker-pool] submitRequest(triggerId=us-central1-app) {"metadata":{"emulator":{"name":"functions"},"message":"[worker-pool] submitRequest(triggerId=us-central1-app)"}}
[info] i  functions: Beginning execution of "us-central1-app" {"metadata":{"emulator":{"name":"functions"},"function":{"name":"us-central1-app"},"extension":{},"message":"Beginning execution of \"us-central1-app\""}}
[debug] [2024-03-16T03:43:35.571Z] [worker-us-central1-app-7dbe926f-0c85-4ef4-9ac9-cf877323a2bf]: BUSY {"metadata":{"emulator":{"name":"functions"},"function":{"name":"us-central1-app"},"extension":{},"message":"[worker-us-central1-app-7dbe926f-0c85-4ef4-9ac9-cf877323a2bf]: BUSY"}}
[debug] [2024-03-16T03:43:36.337Z] Finishing up request with event=pause {"metadata":{"emulator":{"name":"functions"},"function":{"name":"us-central1-app"},"extension":{},"message":"Finishing up request with event=pause"}}
[info] i  functions: Finished "us-central1-app" in 766.8977ms {"metadata":{"emulator":{"name":"functions"},"function":{"name":"us-central1-app"},"extension":{},"message":"Finished \"us-central1-app\" in 766.8977ms"}}
[debug] [2024-03-16T03:43:36.338Z] [worker-us-central1-app-7dbe926f-0c85-4ef4-9ac9-cf877323a2bf]: IDLE {"metadata":{"emulator":{"name":"functions"},"function":{"name":"us-central1-app"},"extension":{},"message":"[worker-us-central1-app-7dbe926f-0c85-4ef4-9ac9-cf877323a2bf]: IDLE"}}
[debug] [2024-03-16T03:43:36.338Z] Finishing up request with event=finish {"metadata":{"emulator":{"name":"functions"},"function":{"name":"us-central1-app"},"extension":{},"message":"Finishing up request with event=finish"}}
[debug] [2024-03-16T03:43:36.338Z] Finishing up request with event=close {"metadata":{"emulator":{"name":"functions"},"function":{"name":"us-central1-app"},"extension":{},"message":"Finishing up request with event=close"}}
[debug] [2024-03-16T03:43:36.338Z] [work-queue] {"queuedWork":[],"queueLength":0,"runningWork":[],"workRunningCount":0}
[debug] [2024-03-16T04:01:35.641Z] [work-queue] {"queuedWork":["/elotesbanus/us-central1/app/api/Producto-2024-03-16T04:01:35.640Z"],"queueLength":1,"runningWork":[],"workRunningCount":0}
[debug] [2024-03-16T04:01:35.641Z] [work-queue] {"queuedWork":[],"queueLength":0,"runningWork":["/elotesbanus/us-central1/app/api/Producto-2024-03-16T04:01:35.640Z"],"workRunningCount":1}
[debug] [2024-03-16T04:01:35.641Z] Accepted request POST /elotesbanus/us-central1/app/api/Producto --> us-central1-app
[debug] [2024-03-16T04:01:35.644Z] [functions] Runtime ready! Sending request! {"metadata":{"emulator":{"name":"functions"},"message":"[functions] Runtime ready! Sending request!"}}
[debug] [2024-03-16T04:01:35.644Z] [functions] Got req.url=/elotesbanus/us-central1/app/api/Producto, mapping to path=/api/Producto {"metadata":{"emulator":{"name":"functions"},"message":"[functions] Got req.url=/elotesbanus/us-central1/app/api/Producto, mapping to path=/api/Producto"}}
[debug] [2024-03-16T04:01:35.644Z] [worker-pool] submitRequest(triggerId=us-central1-app) {"metadata":{"emulator":{"name":"functions"},"message":"[worker-pool] submitRequest(triggerId=us-central1-app)"}}
[info] i  functions: Beginning execution of "us-central1-app" {"metadata":{"emulator":{"name":"functions"},"function":{"name":"us-central1-app"},"extension":{},"message":"Beginning execution of \"us-central1-app\""}}
[debug] [2024-03-16T04:01:35.645Z] [worker-us-central1-app-7dbe926f-0c85-4ef4-9ac9-cf877323a2bf]: BUSY {"metadata":{"emulator":{"name":"functions"},"function":{"name":"us-central1-app"},"extension":{},"message":"[worker-us-central1-app-7dbe926f-0c85-4ef4-9ac9-cf877323a2bf]: BUSY"}}
[debug] [2024-03-16T04:01:36.069Z] Finishing up request with event=pause {"metadata":{"emulator":{"name":"functions"},"function":{"name":"us-central1-app"},"extension":{},"message":"Finishing up request with event=pause"}}
[info] i  functions: Finished "us-central1-app" in 424.4823ms {"metadata":{"emulator":{"name":"functions"},"function":{"name":"us-central1-app"},"extension":{},"message":"Finished \"us-central1-app\" in 424.4823ms"}}
[debug] [2024-03-16T04:01:36.070Z] [worker-us-central1-app-7dbe926f-0c85-4ef4-9ac9-cf877323a2bf]: IDLE {"metadata":{"emulator":{"name":"functions"},"function":{"name":"us-central1-app"},"extension":{},"message":"[worker-us-central1-app-7dbe926f-0c85-4ef4-9ac9-cf877323a2bf]: IDLE"}}
[debug] [2024-03-16T04:01:36.070Z] Finishing up request with event=finish {"metadata":{"emulator":{"name":"functions"},"function":{"name":"us-central1-app"},"extension":{},"message":"Finishing up request with event=finish"}}
[debug] [2024-03-16T04:01:36.070Z] Finishing up request with event=close {"metadata":{"emulator":{"name":"functions"},"function":{"name":"us-central1-app"},"extension":{},"message":"Finishing up request with event=close"}}
[debug] [2024-03-16T04:01:36.070Z] [work-queue] {"queuedWork":[],"queueLength":0,"runningWork":[],"workRunningCount":0}
[debug] [2024-03-16T04:02:24.129Z] [work-queue] {"queuedWork":["/elotesbanus/us-central1/app/api/Producto-2024-03-16T04:02:24.129Z"],"queueLength":1,"runningWork":[],"workRunningCount":0}
[debug] [2024-03-16T04:02:24.129Z] [work-queue] {"queuedWork":[],"queueLength":0,"runningWork":["/elotesbanus/us-central1/app/api/Producto-2024-03-16T04:02:24.129Z"],"workRunningCount":1}
[debug] [2024-03-16T04:02:24.129Z] Accepted request POST /elotesbanus/us-central1/app/api/Producto --> us-central1-app
[debug] [2024-03-16T04:02:24.131Z] [functions] Runtime ready! Sending request! {"metadata":{"emulator":{"name":"functions"},"message":"[functions] Runtime ready! Sending request!"}}
[debug] [2024-03-16T04:02:24.131Z] [functions] Got req.url=/elotesbanus/us-central1/app/api/Producto, mapping to path=/api/Producto {"metadata":{"emulator":{"name":"functions"},"message":"[functions] Got req.url=/elotesbanus/us-central1/app/api/Producto, mapping to path=/api/Producto"}}
[debug] [2024-03-16T04:02:24.131Z] [worker-pool] submitRequest(triggerId=us-central1-app) {"metadata":{"emulator":{"name":"functions"},"message":"[worker-pool] submitRequest(triggerId=us-central1-app)"}}
[info] i  functions: Beginning execution of "us-central1-app" {"metadata":{"emulator":{"name":"functions"},"function":{"name":"us-central1-app"},"extension":{},"message":"Beginning execution of \"us-central1-app\""}}
[debug] [2024-03-16T04:02:24.132Z] [worker-us-central1-app-7dbe926f-0c85-4ef4-9ac9-cf877323a2bf]: BUSY {"metadata":{"emulator":{"name":"functions"},"function":{"name":"us-central1-app"},"extension":{},"message":"[worker-us-central1-app-7dbe926f-0c85-4ef4-9ac9-cf877323a2bf]: BUSY"}}
[debug] [2024-03-16T04:02:24.259Z] Finishing up request with event=pause {"metadata":{"emulator":{"name":"functions"},"function":{"name":"us-central1-app"},"extension":{},"message":"Finishing up request with event=pause"}}
[info] i  functions: Finished "us-central1-app" in 127.129ms {"metadata":{"emulator":{"name":"functions"},"function":{"name":"us-central1-app"},"extension":{},"message":"Finished \"us-central1-app\" in 127.129ms"}}
[debug] [2024-03-16T04:02:24.259Z] [worker-us-central1-app-7dbe926f-0c85-4ef4-9ac9-cf877323a2bf]: IDLE {"metadata":{"emulator":{"name":"functions"},"function":{"name":"us-central1-app"},"extension":{},"message":"[worker-us-central1-app-7dbe926f-0c85-4ef4-9ac9-cf877323a2bf]: IDLE"}}
[debug] [2024-03-16T04:02:24.259Z] Finishing up request with event=finish {"metadata":{"emulator":{"name":"functions"},"function":{"name":"us-central1-app"},"extension":{},"message":"Finishing up request with event=finish"}}
[debug] [2024-03-16T04:02:24.259Z] Finishing up request with event=close {"metadata":{"emulator":{"name":"functions"},"function":{"name":"us-central1-app"},"extension":{},"message":"Finishing up request with event=close"}}
[debug] [2024-03-16T04:02:24.259Z] [work-queue] {"queuedWork":[],"queueLength":0,"runningWork":[],"workRunningCount":0}
[debug] [2024-03-16T04:03:01.936Z] [work-queue] {"queuedWork":["/elotesbanus/us-central1/app/api/Producto-2024-03-16T04:03:01.936Z"],"queueLength":1,"runningWork":[],"workRunningCount":0}
[debug] [2024-03-16T04:03:01.936Z] [work-queue] {"queuedWork":[],"queueLength":0,"runningWork":["/elotesbanus/us-central1/app/api/Producto-2024-03-16T04:03:01.936Z"],"workRunningCount":1}
[debug] [2024-03-16T04:03:01.936Z] Accepted request POST /elotesbanus/us-central1/app/api/Producto --> us-central1-app
[debug] [2024-03-16T04:03:01.939Z] [functions] Runtime ready! Sending request! {"metadata":{"emulator":{"name":"functions"},"message":"[functions] Runtime ready! Sending request!"}}
[debug] [2024-03-16T04:03:01.939Z] [functions] Got req.url=/elotesbanus/us-central1/app/api/Producto, mapping to path=/api/Producto {"metadata":{"emulator":{"name":"functions"},"message":"[functions] Got req.url=/elotesbanus/us-central1/app/api/Producto, mapping to path=/api/Producto"}}
[debug] [2024-03-16T04:03:01.939Z] [worker-pool] submitRequest(triggerId=us-central1-app) {"metadata":{"emulator":{"name":"functions"},"message":"[worker-pool] submitRequest(triggerId=us-central1-app)"}}
[info] i  functions: Beginning execution of "us-central1-app" {"metadata":{"emulator":{"name":"functions"},"function":{"name":"us-central1-app"},"extension":{},"message":"Beginning execution of \"us-central1-app\""}}
[debug] [2024-03-16T04:03:01.940Z] [worker-us-central1-app-7dbe926f-0c85-4ef4-9ac9-cf877323a2bf]: BUSY {"metadata":{"emulator":{"name":"functions"},"function":{"name":"us-central1-app"},"extension":{},"message":"[worker-us-central1-app-7dbe926f-0c85-4ef4-9ac9-cf877323a2bf]: BUSY"}}
[debug] [2024-03-16T04:03:02.078Z] Finishing up request with event=pause {"metadata":{"emulator":{"name":"functions"},"function":{"name":"us-central1-app"},"extension":{},"message":"Finishing up request with event=pause"}}
[info] i  functions: Finished "us-central1-app" in 138.2642ms {"metadata":{"emulator":{"name":"functions"},"function":{"name":"us-central1-app"},"extension":{},"message":"Finished \"us-central1-app\" in 138.2642ms"}}
[debug] [2024-03-16T04:03:02.078Z] [worker-us-central1-app-7dbe926f-0c85-4ef4-9ac9-cf877323a2bf]: IDLE {"metadata":{"emulator":{"name":"functions"},"function":{"name":"us-central1-app"},"extension":{},"message":"[worker-us-central1-app-7dbe926f-0c85-4ef4-9ac9-cf877323a2bf]: IDLE"}}
[debug] [2024-03-16T04:03:02.078Z] Finishing up request with event=finish {"metadata":{"emulator":{"name":"functions"},"function":{"name":"us-central1-app"},"extension":{},"message":"Finishing up request with event=finish"}}
[debug] [2024-03-16T04:03:02.078Z] Finishing up request with event=close {"metadata":{"emulator":{"name":"functions"},"function":{"name":"us-central1-app"},"extension":{},"message":"Finishing up request with event=close"}}
[debug] [2024-03-16T04:03:02.078Z] [work-queue] {"queuedWork":[],"queueLength":0,"runningWork":[],"workRunningCount":0}
[debug] [2024-03-16T04:04:46.552Z] [work-queue] {"queuedWork":["/elotesbanus/us-central1/app/api/Producto-2024-03-16T04:04:46.552Z"],"queueLength":1,"runningWork":[],"workRunningCount":0}
[debug] [2024-03-16T04:04:46.552Z] [work-queue] {"queuedWork":[],"queueLength":0,"runningWork":["/elotesbanus/us-central1/app/api/Producto-2024-03-16T04:04:46.552Z"],"workRunningCount":1}
[debug] [2024-03-16T04:04:46.552Z] Accepted request POST /elotesbanus/us-central1/app/api/Producto --> us-central1-app
[debug] [2024-03-16T04:04:46.554Z] [functions] Runtime ready! Sending request! {"metadata":{"emulator":{"name":"functions"},"message":"[functions] Runtime ready! Sending request!"}}
[debug] [2024-03-16T04:04:46.554Z] [functions] Got req.url=/elotesbanus/us-central1/app/api/Producto, mapping to path=/api/Producto {"metadata":{"emulator":{"name":"functions"},"message":"[functions] Got req.url=/elotesbanus/us-central1/app/api/Producto, mapping to path=/api/Producto"}}
[debug] [2024-03-16T04:04:46.554Z] [worker-pool] submitRequest(triggerId=us-central1-app) {"metadata":{"emulator":{"name":"functions"},"message":"[worker-pool] submitRequest(triggerId=us-central1-app)"}}
[info] i  functions: Beginning execution of "us-central1-app" {"metadata":{"emulator":{"name":"functions"},"function":{"name":"us-central1-app"},"extension":{},"message":"Beginning execution of \"us-central1-app\""}}
[debug] [2024-03-16T04:04:46.554Z] [worker-us-central1-app-7dbe926f-0c85-4ef4-9ac9-cf877323a2bf]: BUSY {"metadata":{"emulator":{"name":"functions"},"function":{"name":"us-central1-app"},"extension":{},"message":"[worker-us-central1-app-7dbe926f-0c85-4ef4-9ac9-cf877323a2bf]: BUSY"}}
[debug] [2024-03-16T04:04:46.692Z] Finishing up request with event=pause {"metadata":{"emulator":{"name":"functions"},"function":{"name":"us-central1-app"},"extension":{},"message":"Finishing up request with event=pause"}}
[info] i  functions: Finished "us-central1-app" in 137.3682ms {"metadata":{"emulator":{"name":"functions"},"function":{"name":"us-central1-app"},"extension":{},"message":"Finished \"us-central1-app\" in 137.3682ms"}}
[debug] [2024-03-16T04:04:46.692Z] [worker-us-central1-app-7dbe926f-0c85-4ef4-9ac9-cf877323a2bf]: IDLE {"metadata":{"emulator":{"name":"functions"},"function":{"name":"us-central1-app"},"extension":{},"message":"[worker-us-central1-app-7dbe926f-0c85-4ef4-9ac9-cf877323a2bf]: IDLE"}}
[debug] [2024-03-16T04:04:46.692Z] Finishing up request with event=finish {"metadata":{"emulator":{"name":"functions"},"function":{"name":"us-central1-app"},"extension":{},"message":"Finishing up request with event=finish"}}
[debug] [2024-03-16T04:04:46.692Z] Finishing up request with event=close {"metadata":{"emulator":{"name":"functions"},"function":{"name":"us-central1-app"},"extension":{},"message":"Finishing up request with event=close"}}
[debug] [2024-03-16T04:04:46.692Z] [work-queue] {"queuedWork":[],"queueLength":0,"runningWork":[],"workRunningCount":0}
[debug] [2024-03-16T04:05:43.982Z] [work-queue] {"queuedWork":["/elotesbanus/us-central1/app/api/Producto-2024-03-16T04:05:43.982Z"],"queueLength":1,"runningWork":[],"workRunningCount":0}
[debug] [2024-03-16T04:05:43.982Z] [work-queue] {"queuedWork":[],"queueLength":0,"runningWork":["/elotesbanus/us-central1/app/api/Producto-2024-03-16T04:05:43.982Z"],"workRunningCount":1}
[debug] [2024-03-16T04:05:43.982Z] Accepted request POST /elotesbanus/us-central1/app/api/Producto --> us-central1-app
[debug] [2024-03-16T04:05:43.984Z] [functions] Runtime ready! Sending request! {"metadata":{"emulator":{"name":"functions"},"message":"[functions] Runtime ready! Sending request!"}}
[debug] [2024-03-16T04:05:43.984Z] [functions] Got req.url=/elotesbanus/us-central1/app/api/Producto, mapping to path=/api/Producto {"metadata":{"emulator":{"name":"functions"},"message":"[functions] Got req.url=/elotesbanus/us-central1/app/api/Producto, mapping to path=/api/Producto"}}
[debug] [2024-03-16T04:05:43.984Z] [worker-pool] submitRequest(triggerId=us-central1-app) {"metadata":{"emulator":{"name":"functions"},"message":"[worker-pool] submitRequest(triggerId=us-central1-app)"}}
[info] i  functions: Beginning execution of "us-central1-app" {"metadata":{"emulator":{"name":"functions"},"function":{"name":"us-central1-app"},"extension":{},"message":"Beginning execution of \"us-central1-app\""}}
[debug] [2024-03-16T04:05:43.985Z] [worker-us-central1-app-7dbe926f-0c85-4ef4-9ac9-cf877323a2bf]: BUSY {"metadata":{"emulator":{"name":"functions"},"function":{"name":"us-central1-app"},"extension":{},"message":"[worker-us-central1-app-7dbe926f-0c85-4ef4-9ac9-cf877323a2bf]: BUSY"}}
[debug] [2024-03-16T04:05:44.113Z] Finishing up request with event=pause {"metadata":{"emulator":{"name":"functions"},"function":{"name":"us-central1-app"},"extension":{},"message":"Finishing up request with event=pause"}}
[info] i  functions: Finished "us-central1-app" in 128.586ms {"metadata":{"emulator":{"name":"functions"},"function":{"name":"us-central1-app"},"extension":{},"message":"Finished \"us-central1-app\" in 128.586ms"}}
[debug] [2024-03-16T04:05:44.114Z] [worker-us-central1-app-7dbe926f-0c85-4ef4-9ac9-cf877323a2bf]: IDLE {"metadata":{"emulator":{"name":"functions"},"function":{"name":"us-central1-app"},"extension":{},"message":"[worker-us-central1-app-7dbe926f-0c85-4ef4-9ac9-cf877323a2bf]: IDLE"}}
[debug] [2024-03-16T04:05:44.114Z] Finishing up request with event=finish {"metadata":{"emulator":{"name":"functions"},"function":{"name":"us-central1-app"},"extension":{},"message":"Finishing up request with event=finish"}}
[debug] [2024-03-16T04:05:44.114Z] Finishing up request with event=close {"metadata":{"emulator":{"name":"functions"},"function":{"name":"us-central1-app"},"extension":{},"message":"Finishing up request with event=close"}}
[debug] [2024-03-16T04:05:44.114Z] [work-queue] {"queuedWork":[],"queueLength":0,"runningWork":[],"workRunningCount":0}
[debug] [2024-03-16T04:06:37.266Z] [work-queue] {"queuedWork":["/elotesbanus/us-central1/app/api/Producto-2024-03-16T04:06:37.266Z"],"queueLength":1,"runningWork":[],"workRunningCount":0}
[debug] [2024-03-16T04:06:37.266Z] [work-queue] {"queuedWork":[],"queueLength":0,"runningWork":["/elotesbanus/us-central1/app/api/Producto-2024-03-16T04:06:37.266Z"],"workRunningCount":1}
[debug] [2024-03-16T04:06:37.266Z] Accepted request POST /elotesbanus/us-central1/app/api/Producto --> us-central1-app
[debug] [2024-03-16T04:06:37.268Z] [functions] Runtime ready! Sending request! {"metadata":{"emulator":{"name":"functions"},"message":"[functions] Runtime ready! Sending request!"}}
[debug] [2024-03-16T04:06:37.268Z] [functions] Got req.url=/elotesbanus/us-central1/app/api/Producto, mapping to path=/api/Producto {"metadata":{"emulator":{"name":"functions"},"message":"[functions] Got req.url=/elotesbanus/us-central1/app/api/Producto, mapping to path=/api/Producto"}}
[debug] [2024-03-16T04:06:37.268Z] [worker-pool] submitRequest(triggerId=us-central1-app) {"metadata":{"emulator":{"name":"functions"},"message":"[worker-pool] submitRequest(triggerId=us-central1-app)"}}
[info] i  functions: Beginning execution of "us-central1-app" {"metadata":{"emulator":{"name":"functions"},"function":{"name":"us-central1-app"},"extension":{},"message":"Beginning execution of \"us-central1-app\""}}
[debug] [2024-03-16T04:06:37.268Z] [worker-us-central1-app-7dbe926f-0c85-4ef4-9ac9-cf877323a2bf]: BUSY {"metadata":{"emulator":{"name":"functions"},"function":{"name":"us-central1-app"},"extension":{},"message":"[worker-us-central1-app-7dbe926f-0c85-4ef4-9ac9-cf877323a2bf]: BUSY"}}
[debug] [2024-03-16T04:06:37.404Z] Finishing up request with event=pause {"metadata":{"emulator":{"name":"functions"},"function":{"name":"us-central1-app"},"extension":{},"message":"Finishing up request with event=pause"}}
[info] i  functions: Finished "us-central1-app" in 135.6822ms {"metadata":{"emulator":{"name":"functions"},"function":{"name":"us-central1-app"},"extension":{},"message":"Finished \"us-central1-app\" in 135.6822ms"}}
[debug] [2024-03-16T04:06:37.404Z] [worker-us-central1-app-7dbe926f-0c85-4ef4-9ac9-cf877323a2bf]: IDLE {"metadata":{"emulator":{"name":"functions"},"function":{"name":"us-central1-app"},"extension":{},"message":"[worker-us-central1-app-7dbe926f-0c85-4ef4-9ac9-cf877323a2bf]: IDLE"}}
[debug] [2024-03-16T04:06:37.405Z] Finishing up request with event=finish {"metadata":{"emulator":{"name":"functions"},"function":{"name":"us-central1-app"},"extension":{},"message":"Finishing up request with event=finish"}}
[debug] [2024-03-16T04:06:37.405Z] Finishing up request with event=close {"metadata":{"emulator":{"name":"functions"},"function":{"name":"us-central1-app"},"extension":{},"message":"Finishing up request with event=close"}}
[debug] [2024-03-16T04:06:37.405Z] [work-queue] {"queuedWork":[],"queueLength":0,"runningWork":[],"workRunningCount":0}
[debug] [2024-03-16T04:07:31.659Z] [work-queue] {"queuedWork":["/elotesbanus/us-central1/app/api/Producto-2024-03-16T04:07:31.659Z"],"queueLength":1,"runningWork":[],"workRunningCount":0}
[debug] [2024-03-16T04:07:31.659Z] [work-queue] {"queuedWork":[],"queueLength":0,"runningWork":["/elotesbanus/us-central1/app/api/Producto-2024-03-16T04:07:31.659Z"],"workRunningCount":1}
[debug] [2024-03-16T04:07:31.659Z] Accepted request POST /elotesbanus/us-central1/app/api/Producto --> us-central1-app
[debug] [2024-03-16T04:07:31.661Z] [functions] Runtime ready! Sending request! {"metadata":{"emulator":{"name":"functions"},"message":"[functions] Runtime ready! Sending request!"}}
[debug] [2024-03-16T04:07:31.661Z] [functions] Got req.url=/elotesbanus/us-central1/app/api/Producto, mapping to path=/api/Producto {"metadata":{"emulator":{"name":"functions"},"message":"[functions] Got req.url=/elotesbanus/us-central1/app/api/Producto, mapping to path=/api/Producto"}}
[debug] [2024-03-16T04:07:31.661Z] [worker-pool] submitRequest(triggerId=us-central1-app) {"metadata":{"emulator":{"name":"functions"},"message":"[worker-pool] submitRequest(triggerId=us-central1-app)"}}
[info] i  functions: Beginning execution of "us-central1-app" {"metadata":{"emulator":{"name":"functions"},"function":{"name":"us-central1-app"},"extension":{},"message":"Beginning execution of \"us-central1-app\""}}
[debug] [2024-03-16T04:07:31.662Z] [worker-us-central1-app-7dbe926f-0c85-4ef4-9ac9-cf877323a2bf]: BUSY {"metadata":{"emulator":{"name":"functions"},"function":{"name":"us-central1-app"},"extension":{},"message":"[worker-us-central1-app-7dbe926f-0c85-4ef4-9ac9-cf877323a2bf]: BUSY"}}
[debug] [2024-03-16T04:07:31.805Z] Finishing up request with event=pause {"metadata":{"emulator":{"name":"functions"},"function":{"name":"us-central1-app"},"extension":{},"message":"Finishing up request with event=pause"}}
[info] i  functions: Finished "us-central1-app" in 143.1995ms {"metadata":{"emulator":{"name":"functions"},"function":{"name":"us-central1-app"},"extension":{},"message":"Finished \"us-central1-app\" in 143.1995ms"}}
[debug] [2024-03-16T04:07:31.805Z] [worker-us-central1-app-7dbe926f-0c85-4ef4-9ac9-cf877323a2bf]: IDLE {"metadata":{"emulator":{"name":"functions"},"function":{"name":"us-central1-app"},"extension":{},"message":"[worker-us-central1-app-7dbe926f-0c85-4ef4-9ac9-cf877323a2bf]: IDLE"}}
[debug] [2024-03-16T04:07:31.805Z] Finishing up request with event=finish {"metadata":{"emulator":{"name":"functions"},"function":{"name":"us-central1-app"},"extension":{},"message":"Finishing up request with event=finish"}}
[debug] [2024-03-16T04:07:31.805Z] Finishing up request with event=close {"metadata":{"emulator":{"name":"functions"},"function":{"name":"us-central1-app"},"extension":{},"message":"Finishing up request with event=close"}}
[debug] [2024-03-16T04:07:31.805Z] [work-queue] {"queuedWork":[],"queueLength":0,"runningWork":[],"workRunningCount":0}
[debug] [2024-03-16T04:08:51.766Z] [work-queue] {"queuedWork":["/elotesbanus/us-central1/app/api/Producto-2024-03-16T04:08:51.766Z"],"queueLength":1,"runningWork":[],"workRunningCount":0}
[debug] [2024-03-16T04:08:51.766Z] [work-queue] {"queuedWork":[],"queueLength":0,"runningWork":["/elotesbanus/us-central1/app/api/Producto-2024-03-16T04:08:51.766Z"],"workRunningCount":1}
[debug] [2024-03-16T04:08:51.766Z] Accepted request POST /elotesbanus/us-central1/app/api/Producto --> us-central1-app
[debug] [2024-03-16T04:08:51.768Z] [functions] Runtime ready! Sending request! {"metadata":{"emulator":{"name":"functions"},"message":"[functions] Runtime ready! Sending request!"}}
[debug] [2024-03-16T04:08:51.769Z] [functions] Got req.url=/elotesbanus/us-central1/app/api/Producto, mapping to path=/api/Producto {"metadata":{"emulator":{"name":"functions"},"message":"[functions] Got req.url=/elotesbanus/us-central1/app/api/Producto, mapping to path=/api/Producto"}}
[debug] [2024-03-16T04:08:51.769Z] [worker-pool] submitRequest(triggerId=us-central1-app) {"metadata":{"emulator":{"name":"functions"},"message":"[worker-pool] submitRequest(triggerId=us-central1-app)"}}
[info] i  functions: Beginning execution of "us-central1-app" {"metadata":{"emulator":{"name":"functions"},"function":{"name":"us-central1-app"},"extension":{},"message":"Beginning execution of \"us-central1-app\""}}
[debug] [2024-03-16T04:08:51.769Z] [worker-us-central1-app-7dbe926f-0c85-4ef4-9ac9-cf877323a2bf]: BUSY {"metadata":{"emulator":{"name":"functions"},"function":{"name":"us-central1-app"},"extension":{},"message":"[worker-us-central1-app-7dbe926f-0c85-4ef4-9ac9-cf877323a2bf]: BUSY"}}
[debug] [2024-03-16T04:08:51.897Z] Finishing up request with event=pause {"metadata":{"emulator":{"name":"functions"},"function":{"name":"us-central1-app"},"extension":{},"message":"Finishing up request with event=pause"}}
[info] i  functions: Finished "us-central1-app" in 127.7697ms {"metadata":{"emulator":{"name":"functions"},"function":{"name":"us-central1-app"},"extension":{},"message":"Finished \"us-central1-app\" in 127.7697ms"}}
[debug] [2024-03-16T04:08:51.897Z] [worker-us-central1-app-7dbe926f-0c85-4ef4-9ac9-cf877323a2bf]: IDLE {"metadata":{"emulator":{"name":"functions"},"function":{"name":"us-central1-app"},"extension":{},"message":"[worker-us-central1-app-7dbe926f-0c85-4ef4-9ac9-cf877323a2bf]: IDLE"}}
[debug] [2024-03-16T04:08:51.898Z] Finishing up request with event=finish {"metadata":{"emulator":{"name":"functions"},"function":{"name":"us-central1-app"},"extension":{},"message":"Finishing up request with event=finish"}}
[debug] [2024-03-16T04:08:51.898Z] Finishing up request with event=close {"metadata":{"emulator":{"name":"functions"},"function":{"name":"us-central1-app"},"extension":{},"message":"Finishing up request with event=close"}}
[debug] [2024-03-16T04:08:51.898Z] [work-queue] {"queuedWork":[],"queueLength":0,"runningWork":[],"workRunningCount":0}
[debug] [2024-03-16T04:09:31.763Z] [work-queue] {"queuedWork":["/elotesbanus/us-central1/app/api/Producto-2024-03-16T04:09:31.763Z"],"queueLength":1,"runningWork":[],"workRunningCount":0}
[debug] [2024-03-16T04:09:31.763Z] [work-queue] {"queuedWork":[],"queueLength":0,"runningWork":["/elotesbanus/us-central1/app/api/Producto-2024-03-16T04:09:31.763Z"],"workRunningCount":1}
[debug] [2024-03-16T04:09:31.763Z] Accepted request POST /elotesbanus/us-central1/app/api/Producto --> us-central1-app
[debug] [2024-03-16T04:09:31.765Z] [functions] Runtime ready! Sending request! {"metadata":{"emulator":{"name":"functions"},"message":"[functions] Runtime ready! Sending request!"}}
[debug] [2024-03-16T04:09:31.765Z] [functions] Got req.url=/elotesbanus/us-central1/app/api/Producto, mapping to path=/api/Producto {"metadata":{"emulator":{"name":"functions"},"message":"[functions] Got req.url=/elotesbanus/us-central1/app/api/Producto, mapping to path=/api/Producto"}}
[debug] [2024-03-16T04:09:31.765Z] [worker-pool] submitRequest(triggerId=us-central1-app) {"metadata":{"emulator":{"name":"functions"},"message":"[worker-pool] submitRequest(triggerId=us-central1-app)"}}
[info] i  functions: Beginning execution of "us-central1-app" {"metadata":{"emulator":{"name":"functions"},"function":{"name":"us-central1-app"},"extension":{},"message":"Beginning execution of \"us-central1-app\""}}
[debug] [2024-03-16T04:09:31.766Z] [worker-us-central1-app-7dbe926f-0c85-4ef4-9ac9-cf877323a2bf]: BUSY {"metadata":{"emulator":{"name":"functions"},"function":{"name":"us-central1-app"},"extension":{},"message":"[worker-us-central1-app-7dbe926f-0c85-4ef4-9ac9-cf877323a2bf]: BUSY"}}
[debug] [2024-03-16T04:09:31.898Z] Finishing up request with event=pause {"metadata":{"emulator":{"name":"functions"},"function":{"name":"us-central1-app"},"extension":{},"message":"Finishing up request with event=pause"}}
[info] i  functions: Finished "us-central1-app" in 132.8777ms {"metadata":{"emulator":{"name":"functions"},"function":{"name":"us-central1-app"},"extension":{},"message":"Finished \"us-central1-app\" in 132.8777ms"}}
[debug] [2024-03-16T04:09:31.899Z] [worker-us-central1-app-7dbe926f-0c85-4ef4-9ac9-cf877323a2bf]: IDLE {"metadata":{"emulator":{"name":"functions"},"function":{"name":"us-central1-app"},"extension":{},"message":"[worker-us-central1-app-7dbe926f-0c85-4ef4-9ac9-cf877323a2bf]: IDLE"}}
[debug] [2024-03-16T04:09:31.899Z] Finishing up request with event=finish {"metadata":{"emulator":{"name":"functions"},"function":{"name":"us-central1-app"},"extension":{},"message":"Finishing up request with event=finish"}}
[debug] [2024-03-16T04:09:31.899Z] Finishing up request with event=close {"metadata":{"emulator":{"name":"functions"},"function":{"name":"us-central1-app"},"extension":{},"message":"Finishing up request with event=close"}}
[debug] [2024-03-16T04:09:31.899Z] [work-queue] {"queuedWork":[],"queueLength":0,"runningWork":[],"workRunningCount":0}
[debug] [2024-03-16T04:10:48.816Z] [work-queue] {"queuedWork":["/elotesbanus/us-central1/app/api/Producto-2024-03-16T04:10:48.816Z"],"queueLength":1,"runningWork":[],"workRunningCount":0}
[debug] [2024-03-16T04:10:48.816Z] [work-queue] {"queuedWork":[],"queueLength":0,"runningWork":["/elotesbanus/us-central1/app/api/Producto-2024-03-16T04:10:48.816Z"],"workRunningCount":1}
[debug] [2024-03-16T04:10:48.816Z] Accepted request POST /elotesbanus/us-central1/app/api/Producto --> us-central1-app
[debug] [2024-03-16T04:10:48.818Z] [functions] Runtime ready! Sending request! {"metadata":{"emulator":{"name":"functions"},"message":"[functions] Runtime ready! Sending request!"}}
[debug] [2024-03-16T04:10:48.818Z] [functions] Got req.url=/elotesbanus/us-central1/app/api/Producto, mapping to path=/api/Producto {"metadata":{"emulator":{"name":"functions"},"message":"[functions] Got req.url=/elotesbanus/us-central1/app/api/Producto, mapping to path=/api/Producto"}}
[debug] [2024-03-16T04:10:48.819Z] [worker-pool] submitRequest(triggerId=us-central1-app) {"metadata":{"emulator":{"name":"functions"},"message":"[worker-pool] submitRequest(triggerId=us-central1-app)"}}
[info] i  functions: Beginning execution of "us-central1-app" {"metadata":{"emulator":{"name":"functions"},"function":{"name":"us-central1-app"},"extension":{},"message":"Beginning execution of \"us-central1-app\""}}
[debug] [2024-03-16T04:10:48.819Z] [worker-us-central1-app-7dbe926f-0c85-4ef4-9ac9-cf877323a2bf]: BUSY {"metadata":{"emulator":{"name":"functions"},"function":{"name":"us-central1-app"},"extension":{},"message":"[worker-us-central1-app-7dbe926f-0c85-4ef4-9ac9-cf877323a2bf]: BUSY"}}
[debug] [2024-03-16T04:10:48.958Z] Finishing up request with event=pause {"metadata":{"emulator":{"name":"functions"},"function":{"name":"us-central1-app"},"extension":{},"message":"Finishing up request with event=pause"}}
[info] i  functions: Finished "us-central1-app" in 139.5105ms {"metadata":{"emulator":{"name":"functions"},"function":{"name":"us-central1-app"},"extension":{},"message":"Finished \"us-central1-app\" in 139.5105ms"}}
[debug] [2024-03-16T04:10:48.959Z] [worker-us-central1-app-7dbe926f-0c85-4ef4-9ac9-cf877323a2bf]: IDLE {"metadata":{"emulator":{"name":"functions"},"function":{"name":"us-central1-app"},"extension":{},"message":"[worker-us-central1-app-7dbe926f-0c85-4ef4-9ac9-cf877323a2bf]: IDLE"}}
[debug] [2024-03-16T04:10:48.959Z] Finishing up request with event=finish {"metadata":{"emulator":{"name":"functions"},"function":{"name":"us-central1-app"},"extension":{},"message":"Finishing up request with event=finish"}}
[debug] [2024-03-16T04:10:48.959Z] Finishing up request with event=close {"metadata":{"emulator":{"name":"functions"},"function":{"name":"us-central1-app"},"extension":{},"message":"Finishing up request with event=close"}}
[debug] [2024-03-16T04:10:48.959Z] [work-queue] {"queuedWork":[],"queueLength":0,"runningWork":[],"workRunningCount":0}
[debug] [2024-03-16T04:12:00.620Z] [work-queue] {"queuedWork":["/elotesbanus/us-central1/app/api/Producto-2024-03-16T04:12:00.620Z"],"queueLength":1,"runningWork":[],"workRunningCount":0}
[debug] [2024-03-16T04:12:00.620Z] [work-queue] {"queuedWork":[],"queueLength":0,"runningWork":["/elotesbanus/us-central1/app/api/Producto-2024-03-16T04:12:00.620Z"],"workRunningCount":1}
[debug] [2024-03-16T04:12:00.620Z] Accepted request POST /elotesbanus/us-central1/app/api/Producto --> us-central1-app
[debug] [2024-03-16T04:12:00.623Z] [functions] Runtime ready! Sending request! {"metadata":{"emulator":{"name":"functions"},"message":"[functions] Runtime ready! Sending request!"}}
[debug] [2024-03-16T04:12:00.623Z] [functions] Got req.url=/elotesbanus/us-central1/app/api/Producto, mapping to path=/api/Producto {"metadata":{"emulator":{"name":"functions"},"message":"[functions] Got req.url=/elotesbanus/us-central1/app/api/Producto, mapping to path=/api/Producto"}}
[debug] [2024-03-16T04:12:00.624Z] [worker-pool] submitRequest(triggerId=us-central1-app) {"metadata":{"emulator":{"name":"functions"},"message":"[worker-pool] submitRequest(triggerId=us-central1-app)"}}
[info] i  functions: Beginning execution of "us-central1-app" {"metadata":{"emulator":{"name":"functions"},"function":{"name":"us-central1-app"},"extension":{},"message":"Beginning execution of \"us-central1-app\""}}
[debug] [2024-03-16T04:12:00.624Z] [worker-us-central1-app-7dbe926f-0c85-4ef4-9ac9-cf877323a2bf]: BUSY {"metadata":{"emulator":{"name":"functions"},"function":{"name":"us-central1-app"},"extension":{},"message":"[worker-us-central1-app-7dbe926f-0c85-4ef4-9ac9-cf877323a2bf]: BUSY"}}
[debug] [2024-03-16T04:12:00.750Z] Finishing up request with event=pause {"metadata":{"emulator":{"name":"functions"},"function":{"name":"us-central1-app"},"extension":{},"message":"Finishing up request with event=pause"}}
[info] i  functions: Finished "us-central1-app" in 125.9454ms {"metadata":{"emulator":{"name":"functions"},"function":{"name":"us-central1-app"},"extension":{},"message":"Finished \"us-central1-app\" in 125.9454ms"}}
[debug] [2024-03-16T04:12:00.750Z] [worker-us-central1-app-7dbe926f-0c85-4ef4-9ac9-cf877323a2bf]: IDLE {"metadata":{"emulator":{"name":"functions"},"function":{"name":"us-central1-app"},"extension":{},"message":"[worker-us-central1-app-7dbe926f-0c85-4ef4-9ac9-cf877323a2bf]: IDLE"}}
[debug] [2024-03-16T04:12:00.750Z] Finishing up request with event=finish {"metadata":{"emulator":{"name":"functions"},"function":{"name":"us-central1-app"},"extension":{},"message":"Finishing up request with event=finish"}}
[debug] [2024-03-16T04:12:00.750Z] Finishing up request with event=close {"metadata":{"emulator":{"name":"functions"},"function":{"name":"us-central1-app"},"extension":{},"message":"Finishing up request with event=close"}}
[debug] [2024-03-16T04:12:00.750Z] [work-queue] {"queuedWork":[],"queueLength":0,"runningWork":[],"workRunningCount":0}
[debug] [2024-03-16T04:12:39.243Z] [work-queue] {"queuedWork":["/elotesbanus/us-central1/app/api/Producto-2024-03-16T04:12:39.243Z"],"queueLength":1,"runningWork":[],"workRunningCount":0}
[debug] [2024-03-16T04:12:39.244Z] [work-queue] {"queuedWork":[],"queueLength":0,"runningWork":["/elotesbanus/us-central1/app/api/Producto-2024-03-16T04:12:39.243Z"],"workRunningCount":1}
[debug] [2024-03-16T04:12:39.244Z] Accepted request POST /elotesbanus/us-central1/app/api/Producto --> us-central1-app
[debug] [2024-03-16T04:12:39.246Z] [functions] Runtime ready! Sending request! {"metadata":{"emulator":{"name":"functions"},"message":"[functions] Runtime ready! Sending request!"}}
[debug] [2024-03-16T04:12:39.246Z] [functions] Got req.url=/elotesbanus/us-central1/app/api/Producto, mapping to path=/api/Producto {"metadata":{"emulator":{"name":"functions"},"message":"[functions] Got req.url=/elotesbanus/us-central1/app/api/Producto, mapping to path=/api/Producto"}}
[debug] [2024-03-16T04:12:39.246Z] [worker-pool] submitRequest(triggerId=us-central1-app) {"metadata":{"emulator":{"name":"functions"},"message":"[worker-pool] submitRequest(triggerId=us-central1-app)"}}
[info] i  functions: Beginning execution of "us-central1-app" {"metadata":{"emulator":{"name":"functions"},"function":{"name":"us-central1-app"},"extension":{},"message":"Beginning execution of \"us-central1-app\""}}
[debug] [2024-03-16T04:12:39.246Z] [worker-us-central1-app-7dbe926f-0c85-4ef4-9ac9-cf877323a2bf]: BUSY {"metadata":{"emulator":{"name":"functions"},"function":{"name":"us-central1-app"},"extension":{},"message":"[worker-us-central1-app-7dbe926f-0c85-4ef4-9ac9-cf877323a2bf]: BUSY"}}
[debug] [2024-03-16T04:12:39.371Z] Finishing up request with event=pause {"metadata":{"emulator":{"name":"functions"},"function":{"name":"us-central1-app"},"extension":{},"message":"Finishing up request with event=pause"}}
[info] i  functions: Finished "us-central1-app" in 124.6298ms {"metadata":{"emulator":{"name":"functions"},"function":{"name":"us-central1-app"},"extension":{},"message":"Finished \"us-central1-app\" in 124.6298ms"}}
[debug] [2024-03-16T04:12:39.371Z] [worker-us-central1-app-7dbe926f-0c85-4ef4-9ac9-cf877323a2bf]: IDLE {"metadata":{"emulator":{"name":"functions"},"function":{"name":"us-central1-app"},"extension":{},"message":"[worker-us-central1-app-7dbe926f-0c85-4ef4-9ac9-cf877323a2bf]: IDLE"}}
[debug] [2024-03-16T04:12:39.371Z] Finishing up request with event=finish {"metadata":{"emulator":{"name":"functions"},"function":{"name":"us-central1-app"},"extension":{},"message":"Finishing up request with event=finish"}}
[debug] [2024-03-16T04:12:39.371Z] Finishing up request with event=close {"metadata":{"emulator":{"name":"functions"},"function":{"name":"us-central1-app"},"extension":{},"message":"Finishing up request with event=close"}}
[debug] [2024-03-16T04:12:39.371Z] [work-queue] {"queuedWork":[],"queueLength":0,"runningWork":[],"workRunningCount":0}
[debug] [2024-03-16T04:13:13.393Z] [work-queue] {"queuedWork":["/elotesbanus/us-central1/app/api/Producto-2024-03-16T04:13:13.393Z"],"queueLength":1,"runningWork":[],"workRunningCount":0}
[debug] [2024-03-16T04:13:13.393Z] [work-queue] {"queuedWork":[],"queueLength":0,"runningWork":["/elotesbanus/us-central1/app/api/Producto-2024-03-16T04:13:13.393Z"],"workRunningCount":1}
[debug] [2024-03-16T04:13:13.393Z] Accepted request POST /elotesbanus/us-central1/app/api/Producto --> us-central1-app
[debug] [2024-03-16T04:13:13.395Z] [functions] Runtime ready! Sending request! {"metadata":{"emulator":{"name":"functions"},"message":"[functions] Runtime ready! Sending request!"}}
[debug] [2024-03-16T04:13:13.395Z] [functions] Got req.url=/elotesbanus/us-central1/app/api/Producto, mapping to path=/api/Producto {"metadata":{"emulator":{"name":"functions"},"message":"[functions] Got req.url=/elotesbanus/us-central1/app/api/Producto, mapping to path=/api/Producto"}}
[debug] [2024-03-16T04:13:13.395Z] [worker-pool] submitRequest(triggerId=us-central1-app) {"metadata":{"emulator":{"name":"functions"},"message":"[worker-pool] submitRequest(triggerId=us-central1-app)"}}
[info] i  functions: Beginning execution of "us-central1-app" {"metadata":{"emulator":{"name":"functions"},"function":{"name":"us-central1-app"},"extension":{},"message":"Beginning execution of \"us-central1-app\""}}
[debug] [2024-03-16T04:13:13.396Z] [worker-us-central1-app-7dbe926f-0c85-4ef4-9ac9-cf877323a2bf]: BUSY {"metadata":{"emulator":{"name":"functions"},"function":{"name":"us-central1-app"},"extension":{},"message":"[worker-us-central1-app-7dbe926f-0c85-4ef4-9ac9-cf877323a2bf]: BUSY"}}
[debug] [2024-03-16T04:13:13.523Z] Finishing up request with event=pause {"metadata":{"emulator":{"name":"functions"},"function":{"name":"us-central1-app"},"extension":{},"message":"Finishing up request with event=pause"}}
[info] i  functions: Finished "us-central1-app" in 127.4361ms {"metadata":{"emulator":{"name":"functions"},"function":{"name":"us-central1-app"},"extension":{},"message":"Finished \"us-central1-app\" in 127.4361ms"}}
[debug] [2024-03-16T04:13:13.523Z] [worker-us-central1-app-7dbe926f-0c85-4ef4-9ac9-cf877323a2bf]: IDLE {"metadata":{"emulator":{"name":"functions"},"function":{"name":"us-central1-app"},"extension":{},"message":"[worker-us-central1-app-7dbe926f-0c85-4ef4-9ac9-cf877323a2bf]: IDLE"}}
[debug] [2024-03-16T04:13:13.523Z] Finishing up request with event=finish {"metadata":{"emulator":{"name":"functions"},"function":{"name":"us-central1-app"},"extension":{},"message":"Finishing up request with event=finish"}}
[debug] [2024-03-16T04:13:13.523Z] Finishing up request with event=close {"metadata":{"emulator":{"name":"functions"},"function":{"name":"us-central1-app"},"extension":{},"message":"Finishing up request with event=close"}}
[debug] [2024-03-16T04:13:13.523Z] [work-queue] {"queuedWork":[],"queueLength":0,"runningWork":[],"workRunningCount":0}
[debug] [2024-03-16T04:13:59.412Z] [work-queue] {"queuedWork":["/elotesbanus/us-central1/app/api/Producto-2024-03-16T04:13:59.412Z"],"queueLength":1,"runningWork":[],"workRunningCount":0}
[debug] [2024-03-16T04:13:59.412Z] [work-queue] {"queuedWork":[],"queueLength":0,"runningWork":["/elotesbanus/us-central1/app/api/Producto-2024-03-16T04:13:59.412Z"],"workRunningCount":1}
[debug] [2024-03-16T04:13:59.412Z] Accepted request POST /elotesbanus/us-central1/app/api/Producto --> us-central1-app
[debug] [2024-03-16T04:13:59.414Z] [functions] Runtime ready! Sending request! {"metadata":{"emulator":{"name":"functions"},"message":"[functions] Runtime ready! Sending request!"}}
[debug] [2024-03-16T04:13:59.414Z] [functions] Got req.url=/elotesbanus/us-central1/app/api/Producto, mapping to path=/api/Producto {"metadata":{"emulator":{"name":"functions"},"message":"[functions] Got req.url=/elotesbanus/us-central1/app/api/Producto, mapping to path=/api/Producto"}}
[debug] [2024-03-16T04:13:59.414Z] [worker-pool] submitRequest(triggerId=us-central1-app) {"metadata":{"emulator":{"name":"functions"},"message":"[worker-pool] submitRequest(triggerId=us-central1-app)"}}
[info] i  functions: Beginning execution of "us-central1-app" {"metadata":{"emulator":{"name":"functions"},"function":{"name":"us-central1-app"},"extension":{},"message":"Beginning execution of \"us-central1-app\""}}
[debug] [2024-03-16T04:13:59.415Z] [worker-us-central1-app-7dbe926f-0c85-4ef4-9ac9-cf877323a2bf]: BUSY {"metadata":{"emulator":{"name":"functions"},"function":{"name":"us-central1-app"},"extension":{},"message":"[worker-us-central1-app-7dbe926f-0c85-4ef4-9ac9-cf877323a2bf]: BUSY"}}
[debug] [2024-03-16T04:13:59.547Z] Finishing up request with event=pause {"metadata":{"emulator":{"name":"functions"},"function":{"name":"us-central1-app"},"extension":{},"message":"Finishing up request with event=pause"}}
[info] i  functions: Finished "us-central1-app" in 132.4586ms {"metadata":{"emulator":{"name":"functions"},"function":{"name":"us-central1-app"},"extension":{},"message":"Finished \"us-central1-app\" in 132.4586ms"}}
[debug] [2024-03-16T04:13:59.547Z] [worker-us-central1-app-7dbe926f-0c85-4ef4-9ac9-cf877323a2bf]: IDLE {"metadata":{"emulator":{"name":"functions"},"function":{"name":"us-central1-app"},"extension":{},"message":"[worker-us-central1-app-7dbe926f-0c85-4ef4-9ac9-cf877323a2bf]: IDLE"}}
[debug] [2024-03-16T04:13:59.547Z] Finishing up request with event=finish {"metadata":{"emulator":{"name":"functions"},"function":{"name":"us-central1-app"},"extension":{},"message":"Finishing up request with event=finish"}}
[debug] [2024-03-16T04:13:59.548Z] Finishing up request with event=close {"metadata":{"emulator":{"name":"functions"},"function":{"name":"us-central1-app"},"extension":{},"message":"Finishing up request with event=close"}}
[debug] [2024-03-16T04:13:59.548Z] [work-queue] {"queuedWork":[],"queueLength":0,"runningWork":[],"workRunningCount":0}
[debug] [2024-03-16T04:14:31.993Z] [work-queue] {"queuedWork":["/elotesbanus/us-central1/app/api/Producto-2024-03-16T04:14:31.993Z"],"queueLength":1,"runningWork":[],"workRunningCount":0}
[debug] [2024-03-16T04:14:31.993Z] [work-queue] {"queuedWork":[],"queueLength":0,"runningWork":["/elotesbanus/us-central1/app/api/Producto-2024-03-16T04:14:31.993Z"],"workRunningCount":1}
[debug] [2024-03-16T04:14:31.993Z] Accepted request POST /elotesbanus/us-central1/app/api/Producto --> us-central1-app
[debug] [2024-03-16T04:14:31.995Z] [functions] Runtime ready! Sending request! {"metadata":{"emulator":{"name":"functions"},"message":"[functions] Runtime ready! Sending request!"}}
[debug] [2024-03-16T04:14:31.995Z] [functions] Got req.url=/elotesbanus/us-central1/app/api/Producto, mapping to path=/api/Producto {"metadata":{"emulator":{"name":"functions"},"message":"[functions] Got req.url=/elotesbanus/us-central1/app/api/Producto, mapping to path=/api/Producto"}}
[debug] [2024-03-16T04:14:31.995Z] [worker-pool] submitRequest(triggerId=us-central1-app) {"metadata":{"emulator":{"name":"functions"},"message":"[worker-pool] submitRequest(triggerId=us-central1-app)"}}
[info] i  functions: Beginning execution of "us-central1-app" {"metadata":{"emulator":{"name":"functions"},"function":{"name":"us-central1-app"},"extension":{},"message":"Beginning execution of \"us-central1-app\""}}
[debug] [2024-03-16T04:14:31.995Z] [worker-us-central1-app-7dbe926f-0c85-4ef4-9ac9-cf877323a2bf]: BUSY {"metadata":{"emulator":{"name":"functions"},"function":{"name":"us-central1-app"},"extension":{},"message":"[worker-us-central1-app-7dbe926f-0c85-4ef4-9ac9-cf877323a2bf]: BUSY"}}
[debug] [2024-03-16T04:14:32.119Z] Finishing up request with event=pause {"metadata":{"emulator":{"name":"functions"},"function":{"name":"us-central1-app"},"extension":{},"message":"Finishing up request with event=pause"}}
[info] i  functions: Finished "us-central1-app" in 123.7473ms {"metadata":{"emulator":{"name":"functions"},"function":{"name":"us-central1-app"},"extension":{},"message":"Finished \"us-central1-app\" in 123.7473ms"}}
[debug] [2024-03-16T04:14:32.119Z] [worker-us-central1-app-7dbe926f-0c85-4ef4-9ac9-cf877323a2bf]: IDLE {"metadata":{"emulator":{"name":"functions"},"function":{"name":"us-central1-app"},"extension":{},"message":"[worker-us-central1-app-7dbe926f-0c85-4ef4-9ac9-cf877323a2bf]: IDLE"}}
[debug] [2024-03-16T04:14:32.119Z] Finishing up request with event=finish {"metadata":{"emulator":{"name":"functions"},"function":{"name":"us-central1-app"},"extension":{},"message":"Finishing up request with event=finish"}}
[debug] [2024-03-16T04:14:32.119Z] Finishing up request with event=close {"metadata":{"emulator":{"name":"functions"},"function":{"name":"us-central1-app"},"extension":{},"message":"Finishing up request with event=close"}}
[debug] [2024-03-16T04:14:32.119Z] [work-queue] {"queuedWork":[],"queueLength":0,"runningWork":[],"workRunningCount":0}
[debug] [2024-03-16T04:15:25.518Z] [work-queue] {"queuedWork":["/elotesbanus/us-central1/app/api/Producto-2024-03-16T04:15:25.518Z"],"queueLength":1,"runningWork":[],"workRunningCount":0}
[debug] [2024-03-16T04:15:25.518Z] [work-queue] {"queuedWork":[],"queueLength":0,"runningWork":["/elotesbanus/us-central1/app/api/Producto-2024-03-16T04:15:25.518Z"],"workRunningCount":1}
[debug] [2024-03-16T04:15:25.518Z] Accepted request POST /elotesbanus/us-central1/app/api/Producto --> us-central1-app
[debug] [2024-03-16T04:15:25.520Z] [functions] Runtime ready! Sending request! {"metadata":{"emulator":{"name":"functions"},"message":"[functions] Runtime ready! Sending request!"}}
[debug] [2024-03-16T04:15:25.521Z] [functions] Got req.url=/elotesbanus/us-central1/app/api/Producto, mapping to path=/api/Producto {"metadata":{"emulator":{"name":"functions"},"message":"[functions] Got req.url=/elotesbanus/us-central1/app/api/Producto, mapping to path=/api/Producto"}}
[debug] [2024-03-16T04:15:25.521Z] [worker-pool] submitRequest(triggerId=us-central1-app) {"metadata":{"emulator":{"name":"functions"},"message":"[worker-pool] submitRequest(triggerId=us-central1-app)"}}
[info] i  functions: Beginning execution of "us-central1-app" {"metadata":{"emulator":{"name":"functions"},"function":{"name":"us-central1-app"},"extension":{},"message":"Beginning execution of \"us-central1-app\""}}
[debug] [2024-03-16T04:15:25.521Z] [worker-us-central1-app-7dbe926f-0c85-4ef4-9ac9-cf877323a2bf]: BUSY {"metadata":{"emulator":{"name":"functions"},"function":{"name":"us-central1-app"},"extension":{},"message":"[worker-us-central1-app-7dbe926f-0c85-4ef4-9ac9-cf877323a2bf]: BUSY"}}
[debug] [2024-03-16T04:15:25.648Z] Finishing up request with event=pause {"metadata":{"emulator":{"name":"functions"},"function":{"name":"us-central1-app"},"extension":{},"message":"Finishing up request with event=pause"}}
[info] i  functions: Finished "us-central1-app" in 126.9331ms {"metadata":{"emulator":{"name":"functions"},"function":{"name":"us-central1-app"},"extension":{},"message":"Finished \"us-central1-app\" in 126.9331ms"}}
[debug] [2024-03-16T04:15:25.649Z] [worker-us-central1-app-7dbe926f-0c85-4ef4-9ac9-cf877323a2bf]: IDLE {"metadata":{"emulator":{"name":"functions"},"function":{"name":"us-central1-app"},"extension":{},"message":"[worker-us-central1-app-7dbe926f-0c85-4ef4-9ac9-cf877323a2bf]: IDLE"}}
[debug] [2024-03-16T04:15:25.649Z] Finishing up request with event=finish {"metadata":{"emulator":{"name":"functions"},"function":{"name":"us-central1-app"},"extension":{},"message":"Finishing up request with event=finish"}}
[debug] [2024-03-16T04:15:25.649Z] Finishing up request with event=close {"metadata":{"emulator":{"name":"functions"},"function":{"name":"us-central1-app"},"extension":{},"message":"Finishing up request with event=close"}}
[debug] [2024-03-16T04:15:25.649Z] [work-queue] {"queuedWork":[],"queueLength":0,"runningWork":[],"workRunningCount":0}
[debug] [2024-03-16T04:16:12.096Z] [work-queue] {"queuedWork":["/elotesbanus/us-central1/app/api/Producto-2024-03-16T04:16:12.096Z"],"queueLength":1,"runningWork":[],"workRunningCount":0}
[debug] [2024-03-16T04:16:12.097Z] [work-queue] {"queuedWork":[],"queueLength":0,"runningWork":["/elotesbanus/us-central1/app/api/Producto-2024-03-16T04:16:12.096Z"],"workRunningCount":1}
[debug] [2024-03-16T04:16:12.097Z] Accepted request POST /elotesbanus/us-central1/app/api/Producto --> us-central1-app
[debug] [2024-03-16T04:16:12.100Z] [functions] Runtime ready! Sending request! {"metadata":{"emulator":{"name":"functions"},"message":"[functions] Runtime ready! Sending request!"}}
[debug] [2024-03-16T04:16:12.100Z] [functions] Got req.url=/elotesbanus/us-central1/app/api/Producto, mapping to path=/api/Producto {"metadata":{"emulator":{"name":"functions"},"message":"[functions] Got req.url=/elotesbanus/us-central1/app/api/Producto, mapping to path=/api/Producto"}}
[debug] [2024-03-16T04:16:12.100Z] [worker-pool] submitRequest(triggerId=us-central1-app) {"metadata":{"emulator":{"name":"functions"},"message":"[worker-pool] submitRequest(triggerId=us-central1-app)"}}
[info] i  functions: Beginning execution of "us-central1-app" {"metadata":{"emulator":{"name":"functions"},"function":{"name":"us-central1-app"},"extension":{},"message":"Beginning execution of \"us-central1-app\""}}
[debug] [2024-03-16T04:16:12.101Z] [worker-us-central1-app-7dbe926f-0c85-4ef4-9ac9-cf877323a2bf]: BUSY {"metadata":{"emulator":{"name":"functions"},"function":{"name":"us-central1-app"},"extension":{},"message":"[worker-us-central1-app-7dbe926f-0c85-4ef4-9ac9-cf877323a2bf]: BUSY"}}
[debug] [2024-03-16T04:16:12.241Z] Finishing up request with event=pause {"metadata":{"emulator":{"name":"functions"},"function":{"name":"us-central1-app"},"extension":{},"message":"Finishing up request with event=pause"}}
[info] i  functions: Finished "us-central1-app" in 140.0356ms {"metadata":{"emulator":{"name":"functions"},"function":{"name":"us-central1-app"},"extension":{},"message":"Finished \"us-central1-app\" in 140.0356ms"}}
[debug] [2024-03-16T04:16:12.241Z] [worker-us-central1-app-7dbe926f-0c85-4ef4-9ac9-cf877323a2bf]: IDLE {"metadata":{"emulator":{"name":"functions"},"function":{"name":"us-central1-app"},"extension":{},"message":"[worker-us-central1-app-7dbe926f-0c85-4ef4-9ac9-cf877323a2bf]: IDLE"}}
[debug] [2024-03-16T04:16:12.241Z] Finishing up request with event=finish {"metadata":{"emulator":{"name":"functions"},"function":{"name":"us-central1-app"},"extension":{},"message":"Finishing up request with event=finish"}}
[debug] [2024-03-16T04:16:12.241Z] Finishing up request with event=close {"metadata":{"emulator":{"name":"functions"},"function":{"name":"us-central1-app"},"extension":{},"message":"Finishing up request with event=close"}}
[debug] [2024-03-16T04:16:12.241Z] [work-queue] {"queuedWork":[],"queueLength":0,"runningWork":[],"workRunningCount":0}
[debug] [2024-03-16T04:16:51.002Z] [work-queue] {"queuedWork":["/elotesbanus/us-central1/app/api/Producto-2024-03-16T04:16:51.002Z"],"queueLength":1,"runningWork":[],"workRunningCount":0}
[debug] [2024-03-16T04:16:51.002Z] [work-queue] {"queuedWork":[],"queueLength":0,"runningWork":["/elotesbanus/us-central1/app/api/Producto-2024-03-16T04:16:51.002Z"],"workRunningCount":1}
[debug] [2024-03-16T04:16:51.002Z] Accepted request POST /elotesbanus/us-central1/app/api/Producto --> us-central1-app
[debug] [2024-03-16T04:16:51.004Z] [functions] Runtime ready! Sending request! {"metadata":{"emulator":{"name":"functions"},"message":"[functions] Runtime ready! Sending request!"}}
[debug] [2024-03-16T04:16:51.004Z] [functions] Got req.url=/elotesbanus/us-central1/app/api/Producto, mapping to path=/api/Producto {"metadata":{"emulator":{"name":"functions"},"message":"[functions] Got req.url=/elotesbanus/us-central1/app/api/Producto, mapping to path=/api/Producto"}}
[debug] [2024-03-16T04:16:51.004Z] [worker-pool] submitRequest(triggerId=us-central1-app) {"metadata":{"emulator":{"name":"functions"},"message":"[worker-pool] submitRequest(triggerId=us-central1-app)"}}
[info] i  functions: Beginning execution of "us-central1-app" {"metadata":{"emulator":{"name":"functions"},"function":{"name":"us-central1-app"},"extension":{},"message":"Beginning execution of \"us-central1-app\""}}
[debug] [2024-03-16T04:16:51.004Z] [worker-us-central1-app-7dbe926f-0c85-4ef4-9ac9-cf877323a2bf]: BUSY {"metadata":{"emulator":{"name":"functions"},"function":{"name":"us-central1-app"},"extension":{},"message":"[worker-us-central1-app-7dbe926f-0c85-4ef4-9ac9-cf877323a2bf]: BUSY"}}
[debug] [2024-03-16T04:16:51.141Z] Finishing up request with event=pause {"metadata":{"emulator":{"name":"functions"},"function":{"name":"us-central1-app"},"extension":{},"message":"Finishing up request with event=pause"}}
[info] i  functions: Finished "us-central1-app" in 136.799ms {"metadata":{"emulator":{"name":"functions"},"function":{"name":"us-central1-app"},"extension":{},"message":"Finished \"us-central1-app\" in 136.799ms"}}
[debug] [2024-03-16T04:16:51.142Z] [worker-us-central1-app-7dbe926f-0c85-4ef4-9ac9-cf877323a2bf]: IDLE {"metadata":{"emulator":{"name":"functions"},"function":{"name":"us-central1-app"},"extension":{},"message":"[worker-us-central1-app-7dbe926f-0c85-4ef4-9ac9-cf877323a2bf]: IDLE"}}
[debug] [2024-03-16T04:16:51.142Z] Finishing up request with event=finish {"metadata":{"emulator":{"name":"functions"},"function":{"name":"us-central1-app"},"extension":{},"message":"Finishing up request with event=finish"}}
[debug] [2024-03-16T04:16:51.142Z] Finishing up request with event=close {"metadata":{"emulator":{"name":"functions"},"function":{"name":"us-central1-app"},"extension":{},"message":"Finishing up request with event=close"}}
[debug] [2024-03-16T04:16:51.142Z] [work-queue] {"queuedWork":[],"queueLength":0,"runningWork":[],"workRunningCount":0}
[debug] [2024-03-16T04:17:36.459Z] [work-queue] {"queuedWork":["/elotesbanus/us-central1/app/api/Producto-2024-03-16T04:17:36.459Z"],"queueLength":1,"runningWork":[],"workRunningCount":0}
[debug] [2024-03-16T04:17:36.459Z] [work-queue] {"queuedWork":[],"queueLength":0,"runningWork":["/elotesbanus/us-central1/app/api/Producto-2024-03-16T04:17:36.459Z"],"workRunningCount":1}
[debug] [2024-03-16T04:17:36.459Z] Accepted request POST /elotesbanus/us-central1/app/api/Producto --> us-central1-app
[debug] [2024-03-16T04:17:36.461Z] [functions] Runtime ready! Sending request! {"metadata":{"emulator":{"name":"functions"},"message":"[functions] Runtime ready! Sending request!"}}
[debug] [2024-03-16T04:17:36.461Z] [functions] Got req.url=/elotesbanus/us-central1/app/api/Producto, mapping to path=/api/Producto {"metadata":{"emulator":{"name":"functions"},"message":"[functions] Got req.url=/elotesbanus/us-central1/app/api/Producto, mapping to path=/api/Producto"}}
[debug] [2024-03-16T04:17:36.461Z] [worker-pool] submitRequest(triggerId=us-central1-app) {"metadata":{"emulator":{"name":"functions"},"message":"[worker-pool] submitRequest(triggerId=us-central1-app)"}}
[info] i  functions: Beginning execution of "us-central1-app" {"metadata":{"emulator":{"name":"functions"},"function":{"name":"us-central1-app"},"extension":{},"message":"Beginning execution of \"us-central1-app\""}}
[debug] [2024-03-16T04:17:36.462Z] [worker-us-central1-app-7dbe926f-0c85-4ef4-9ac9-cf877323a2bf]: BUSY {"metadata":{"emulator":{"name":"functions"},"function":{"name":"us-central1-app"},"extension":{},"message":"[worker-us-central1-app-7dbe926f-0c85-4ef4-9ac9-cf877323a2bf]: BUSY"}}
[debug] [2024-03-16T04:17:36.601Z] Finishing up request with event=pause {"metadata":{"emulator":{"name":"functions"},"function":{"name":"us-central1-app"},"extension":{},"message":"Finishing up request with event=pause"}}
[info] i  functions: Finished "us-central1-app" in 139.9335ms {"metadata":{"emulator":{"name":"functions"},"function":{"name":"us-central1-app"},"extension":{},"message":"Finished \"us-central1-app\" in 139.9335ms"}}
[debug] [2024-03-16T04:17:36.602Z] [worker-us-central1-app-7dbe926f-0c85-4ef4-9ac9-cf877323a2bf]: IDLE {"metadata":{"emulator":{"name":"functions"},"function":{"name":"us-central1-app"},"extension":{},"message":"[worker-us-central1-app-7dbe926f-0c85-4ef4-9ac9-cf877323a2bf]: IDLE"}}
[debug] [2024-03-16T04:17:36.602Z] Finishing up request with event=finish {"metadata":{"emulator":{"name":"functions"},"function":{"name":"us-central1-app"},"extension":{},"message":"Finishing up request with event=finish"}}
[debug] [2024-03-16T04:17:36.602Z] Finishing up request with event=close {"metadata":{"emulator":{"name":"functions"},"function":{"name":"us-central1-app"},"extension":{},"message":"Finishing up request with event=close"}}
[debug] [2024-03-16T04:17:36.602Z] [work-queue] {"queuedWork":[],"queueLength":0,"runningWork":[],"workRunningCount":0}
[debug] [2024-03-16T04:18:44.697Z] [work-queue] {"queuedWork":["/elotesbanus/us-central1/app/api/Producto-2024-03-16T04:18:44.697Z"],"queueLength":1,"runningWork":[],"workRunningCount":0}
[debug] [2024-03-16T04:18:44.697Z] [work-queue] {"queuedWork":[],"queueLength":0,"runningWork":["/elotesbanus/us-central1/app/api/Producto-2024-03-16T04:18:44.697Z"],"workRunningCount":1}
[debug] [2024-03-16T04:18:44.697Z] Accepted request POST /elotesbanus/us-central1/app/api/Producto --> us-central1-app
[debug] [2024-03-16T04:18:44.699Z] [functions] Runtime ready! Sending request! {"metadata":{"emulator":{"name":"functions"},"message":"[functions] Runtime ready! Sending request!"}}
[debug] [2024-03-16T04:18:44.699Z] [functions] Got req.url=/elotesbanus/us-central1/app/api/Producto, mapping to path=/api/Producto {"metadata":{"emulator":{"name":"functions"},"message":"[functions] Got req.url=/elotesbanus/us-central1/app/api/Producto, mapping to path=/api/Producto"}}
[debug] [2024-03-16T04:18:44.699Z] [worker-pool] submitRequest(triggerId=us-central1-app) {"metadata":{"emulator":{"name":"functions"},"message":"[worker-pool] submitRequest(triggerId=us-central1-app)"}}
[info] i  functions: Beginning execution of "us-central1-app" {"metadata":{"emulator":{"name":"functions"},"function":{"name":"us-central1-app"},"extension":{},"message":"Beginning execution of \"us-central1-app\""}}
[debug] [2024-03-16T04:18:44.699Z] [worker-us-central1-app-7dbe926f-0c85-4ef4-9ac9-cf877323a2bf]: BUSY {"metadata":{"emulator":{"name":"functions"},"function":{"name":"us-central1-app"},"extension":{},"message":"[worker-us-central1-app-7dbe926f-0c85-4ef4-9ac9-cf877323a2bf]: BUSY"}}
[debug] [2024-03-16T04:18:44.821Z] Finishing up request with event=pause {"metadata":{"emulator":{"name":"functions"},"function":{"name":"us-central1-app"},"extension":{},"message":"Finishing up request with event=pause"}}
[info] i  functions: Finished "us-central1-app" in 121.7946ms {"metadata":{"emulator":{"name":"functions"},"function":{"name":"us-central1-app"},"extension":{},"message":"Finished \"us-central1-app\" in 121.7946ms"}}
[debug] [2024-03-16T04:18:44.821Z] [worker-us-central1-app-7dbe926f-0c85-4ef4-9ac9-cf877323a2bf]: IDLE {"metadata":{"emulator":{"name":"functions"},"function":{"name":"us-central1-app"},"extension":{},"message":"[worker-us-central1-app-7dbe926f-0c85-4ef4-9ac9-cf877323a2bf]: IDLE"}}
[debug] [2024-03-16T04:18:44.821Z] Finishing up request with event=finish {"metadata":{"emulator":{"name":"functions"},"function":{"name":"us-central1-app"},"extension":{},"message":"Finishing up request with event=finish"}}
[debug] [2024-03-16T04:18:44.822Z] Finishing up request with event=close {"metadata":{"emulator":{"name":"functions"},"function":{"name":"us-central1-app"},"extension":{},"message":"Finishing up request with event=close"}}
[debug] [2024-03-16T04:18:44.822Z] [work-queue] {"queuedWork":[],"queueLength":0,"runningWork":[],"workRunningCount":0}
[debug] [2024-03-16T04:19:21.439Z] [work-queue] {"queuedWork":["/elotesbanus/us-central1/app/api/Producto-2024-03-16T04:19:21.438Z"],"queueLength":1,"runningWork":[],"workRunningCount":0}
[debug] [2024-03-16T04:19:21.439Z] [work-queue] {"queuedWork":[],"queueLength":0,"runningWork":["/elotesbanus/us-central1/app/api/Producto-2024-03-16T04:19:21.438Z"],"workRunningCount":1}
[debug] [2024-03-16T04:19:21.439Z] Accepted request POST /elotesbanus/us-central1/app/api/Producto --> us-central1-app
[debug] [2024-03-16T04:19:21.440Z] [functions] Runtime ready! Sending request! {"metadata":{"emulator":{"name":"functions"},"message":"[functions] Runtime ready! Sending request!"}}
[debug] [2024-03-16T04:19:21.440Z] [functions] Got req.url=/elotesbanus/us-central1/app/api/Producto, mapping to path=/api/Producto {"metadata":{"emulator":{"name":"functions"},"message":"[functions] Got req.url=/elotesbanus/us-central1/app/api/Producto, mapping to path=/api/Producto"}}
[debug] [2024-03-16T04:19:21.440Z] [worker-pool] submitRequest(triggerId=us-central1-app) {"metadata":{"emulator":{"name":"functions"},"message":"[worker-pool] submitRequest(triggerId=us-central1-app)"}}
[info] i  functions: Beginning execution of "us-central1-app" {"metadata":{"emulator":{"name":"functions"},"function":{"name":"us-central1-app"},"extension":{},"message":"Beginning execution of \"us-central1-app\""}}
[debug] [2024-03-16T04:19:21.441Z] [worker-us-central1-app-7dbe926f-0c85-4ef4-9ac9-cf877323a2bf]: BUSY {"metadata":{"emulator":{"name":"functions"},"function":{"name":"us-central1-app"},"extension":{},"message":"[worker-us-central1-app-7dbe926f-0c85-4ef4-9ac9-cf877323a2bf]: BUSY"}}
[debug] [2024-03-16T04:19:21.574Z] Finishing up request with event=pause {"metadata":{"emulator":{"name":"functions"},"function":{"name":"us-central1-app"},"extension":{},"message":"Finishing up request with event=pause"}}
[info] i  functions: Finished "us-central1-app" in 133.9996ms {"metadata":{"emulator":{"name":"functions"},"function":{"name":"us-central1-app"},"extension":{},"message":"Finished \"us-central1-app\" in 133.9996ms"}}
[debug] [2024-03-16T04:19:21.575Z] [worker-us-central1-app-7dbe926f-0c85-4ef4-9ac9-cf877323a2bf]: IDLE {"metadata":{"emulator":{"name":"functions"},"function":{"name":"us-central1-app"},"extension":{},"message":"[worker-us-central1-app-7dbe926f-0c85-4ef4-9ac9-cf877323a2bf]: IDLE"}}
[debug] [2024-03-16T04:19:21.576Z] Finishing up request with event=finish {"metadata":{"emulator":{"name":"functions"},"function":{"name":"us-central1-app"},"extension":{},"message":"Finishing up request with event=finish"}}
[debug] [2024-03-16T04:19:21.576Z] Finishing up request with event=close {"metadata":{"emulator":{"name":"functions"},"function":{"name":"us-central1-app"},"extension":{},"message":"Finishing up request with event=close"}}
[debug] [2024-03-16T04:19:21.576Z] [work-queue] {"queuedWork":[],"queueLength":0,"runningWork":[],"workRunningCount":0}
[debug] [2024-03-16T04:20:24.342Z] [work-queue] {"queuedWork":["/elotesbanus/us-central1/app/api/Producto/5-2024-03-16T04:20:24.342Z"],"queueLength":1,"runningWork":[],"workRunningCount":0}
[debug] [2024-03-16T04:20:24.342Z] [work-queue] {"queuedWork":[],"queueLength":0,"runningWork":["/elotesbanus/us-central1/app/api/Producto/5-2024-03-16T04:20:24.342Z"],"workRunningCount":1}
[debug] [2024-03-16T04:20:24.342Z] Accepted request GET /elotesbanus/us-central1/app/api/Producto/5 --> us-central1-app
[debug] [2024-03-16T04:20:24.344Z] [functions] Runtime ready! Sending request! {"metadata":{"emulator":{"name":"functions"},"message":"[functions] Runtime ready! Sending request!"}}
[debug] [2024-03-16T04:20:24.344Z] [functions] Got req.url=/elotesbanus/us-central1/app/api/Producto/5, mapping to path=/api/Producto/5 {"metadata":{"emulator":{"name":"functions"},"message":"[functions] Got req.url=/elotesbanus/us-central1/app/api/Producto/5, mapping to path=/api/Producto/5"}}
[debug] [2024-03-16T04:20:24.344Z] [worker-pool] submitRequest(triggerId=us-central1-app) {"metadata":{"emulator":{"name":"functions"},"message":"[worker-pool] submitRequest(triggerId=us-central1-app)"}}
[info] i  functions: Beginning execution of "us-central1-app" {"metadata":{"emulator":{"name":"functions"},"function":{"name":"us-central1-app"},"extension":{},"message":"Beginning execution of \"us-central1-app\""}}
[debug] [2024-03-16T04:20:24.345Z] [worker-us-central1-app-7dbe926f-0c85-4ef4-9ac9-cf877323a2bf]: BUSY {"metadata":{"emulator":{"name":"functions"},"function":{"name":"us-central1-app"},"extension":{},"message":"[worker-us-central1-app-7dbe926f-0c85-4ef4-9ac9-cf877323a2bf]: BUSY"}}
[debug] [2024-03-16T04:20:24.476Z] Finishing up request with event=pause {"metadata":{"emulator":{"name":"functions"},"function":{"name":"us-central1-app"},"extension":{},"message":"Finishing up request with event=pause"}}
[info] i  functions: Finished "us-central1-app" in 131.9432ms {"metadata":{"emulator":{"name":"functions"},"function":{"name":"us-central1-app"},"extension":{},"message":"Finished \"us-central1-app\" in 131.9432ms"}}
[debug] [2024-03-16T04:20:24.477Z] [worker-us-central1-app-7dbe926f-0c85-4ef4-9ac9-cf877323a2bf]: IDLE {"metadata":{"emulator":{"name":"functions"},"function":{"name":"us-central1-app"},"extension":{},"message":"[worker-us-central1-app-7dbe926f-0c85-4ef4-9ac9-cf877323a2bf]: IDLE"}}
[debug] [2024-03-16T04:20:24.477Z] Finishing up request with event=finish {"metadata":{"emulator":{"name":"functions"},"function":{"name":"us-central1-app"},"extension":{},"message":"Finishing up request with event=finish"}}
[debug] [2024-03-16T04:20:24.477Z] Finishing up request with event=close {"metadata":{"emulator":{"name":"functions"},"function":{"name":"us-central1-app"},"extension":{},"message":"Finishing up request with event=close"}}
[debug] [2024-03-16T04:20:24.477Z] [work-queue] {"queuedWork":[],"queueLength":0,"runningWork":[],"workRunningCount":0}
